mode: count
jacobin/classloader/archives.go:44.52,51.16 6 7
jacobin/classloader/archives.go:51.16,53.3 1 3
jacobin/classloader/archives.go:55.2,55.21 1 4
jacobin/classloader/archives.go:58.45,61.19 2 9
jacobin/classloader/archives.go:61.19,63.3 1 6
jacobin/classloader/archives.go:65.2,65.33 1 9
jacobin/classloader/archives.go:65.33,68.3 2 3
jacobin/classloader/archives.go:70.2,70.35 1 6
jacobin/classloader/archives.go:70.35,72.29 2 23
jacobin/classloader/archives.go:72.29,73.47 1 6
jacobin/classloader/archives.go:73.47,75.5 1 0
jacobin/classloader/archives.go:79.2,79.12 1 6
jacobin/classloader/archives.go:82.66,86.44 3 23
jacobin/classloader/archives.go:86.44,90.3 3 11
jacobin/classloader/archives.go:90.8,90.48 1 12
jacobin/classloader/archives.go:90.48,92.3 1 6
jacobin/classloader/archives.go:94.2,102.14 3 23
jacobin/classloader/archives.go:105.61,110.16 3 6
jacobin/classloader/archives.go:110.16,112.3 1 0
jacobin/classloader/archives.go:114.2,120.29 4 6
jacobin/classloader/archives.go:120.29,122.21 2 29
jacobin/classloader/archives.go:122.21,124.4 1 17
jacobin/classloader/archives.go:127.2,127.12 1 6
jacobin/classloader/archives.go:130.82,133.9 2 0
jacobin/classloader/archives.go:133.9,135.3 1 0
jacobin/classloader/archives.go:137.2,137.34 1 0
jacobin/classloader/archives.go:140.74,143.9 2 2
jacobin/classloader/archives.go:143.9,146.3 2 1
jacobin/classloader/archives.go:148.2,148.28 1 1
jacobin/classloader/archives.go:148.28,150.3 1 0
jacobin/classloader/archives.go:152.2,156.16 3 1
jacobin/classloader/archives.go:156.16,158.3 1 0
jacobin/classloader/archives.go:160.2,164.16 3 1
jacobin/classloader/archives.go:164.16,166.3 1 0
jacobin/classloader/archives.go:168.2,170.16 2 1
jacobin/classloader/archives.go:170.16,172.3 1 0
jacobin/classloader/archives.go:174.2,174.75 1 1
jacobin/classloader/archives.go:177.47,180.12 2 0
jacobin/classloader/archives.go:180.12,182.3 1 0
jacobin/classloader/archives.go:182.8,184.3 1 0
jacobin/classloader/classes.go:227.77,230.27 3 3
jacobin/classloader/classes.go:230.27,232.22 2 3
jacobin/classloader/classes.go:232.22,235.4 2 0
jacobin/classloader/classes.go:237.3,237.21 1 3
jacobin/classloader/classes.go:237.21,241.4 2 1
jacobin/classloader/classes.go:246.3,246.44 1 2
jacobin/classloader/classes.go:246.44,248.60 1 0
jacobin/classloader/classes.go:248.60,266.5 4 0
jacobin/classloader/classes.go:268.8,269.29 1 0
jacobin/classloader/classes.go:269.29,271.4 1 0
jacobin/classloader/classes.go:271.9,271.36 1 0
jacobin/classloader/classes.go:271.36,273.4 1 0
jacobin/classloader/classes.go:278.2,278.20 1 2
jacobin/classloader/classes.go:278.20,281.3 1 1
jacobin/classloader/classes.go:281.8,283.3 1 1
jacobin/classloader/classes.go:285.2,285.50 1 2
jacobin/classloader/classes.go:290.71,291.51 1 3
jacobin/classloader/classes.go:291.51,293.3 1 1
jacobin/classloader/classes.go:295.2,296.20 2 2
jacobin/classloader/classes.go:296.20,298.3 1 1
jacobin/classloader/classes.go:300.2,300.28 1 1
jacobin/classloader/classloader.go:163.28,172.11 3 91
jacobin/classloader/classloader.go:172.11,177.6 3 91
jacobin/classloader/classloader.go:178.5,179.30 2 91
jacobin/classloader/classloader.go:182.28,182.47 1 0
jacobin/classloader/classloader.go:187.47,188.33 1 1
jacobin/classloader/classloader.go:188.33,192.23 3 1
jacobin/classloader/classloader.go:192.23,194.10 1 1
jacobin/classloader/classloader.go:194.15,197.71 3 0
jacobin/classloader/classloader.go:197.71,200.14 2 0
jacobin/classloader/classloader.go:202.13,202.27 1 0
jacobin/classloader/classloader.go:202.27,205.14 2 0
jacobin/classloader/classloader.go:221.53,222.19 1 2
jacobin/classloader/classloader.go:222.19,224.6 1 1
jacobin/classloader/classloader.go:225.5,225.53 1 1
jacobin/classloader/classloader.go:225.53,228.6 1 0
jacobin/classloader/classloader.go:229.5,229.15 1 1
jacobin/classloader/classloader.go:235.43,237.25 2 0
jacobin/classloader/classloader.go:237.25,239.6 1 0
jacobin/classloader/classloader.go:240.5,244.33 4 0
jacobin/classloader/classloader.go:244.33,247.23 3 0
jacobin/classloader/classloader.go:247.23,248.21 1 0
jacobin/classloader/classloader.go:250.9,250.30 1 0
jacobin/classloader/classloader.go:252.5,254.25 3 0
jacobin/classloader/classloader.go:259.57,260.37 1 0
jacobin/classloader/classloader.go:260.37,262.27 2 0
jacobin/classloader/classloader.go:262.27,263.21 1 0
jacobin/classloader/classloader.go:267.9,273.78 3 0
jacobin/classloader/classloader.go:275.5,275.28 1 0
jacobin/classloader/classloader.go:278.47,281.34 3 2
jacobin/classloader/classloader.go:281.34,283.6 1 1
jacobin/classloader/classloader.go:286.5,295.78 4 1
jacobin/classloader/classloader.go:295.78,300.6 4 0
jacobin/classloader/classloader.go:300.11,300.59 1 1
jacobin/classloader/classloader.go:300.59,302.6 1 0
jacobin/classloader/classloader.go:302.11,304.6 1 1
jacobin/classloader/classloader.go:305.5,305.15 1 1
jacobin/classloader/classloader.go:310.70,312.44 2 2
jacobin/classloader/classloader.go:312.44,314.6 1 2
jacobin/classloader/classloader.go:314.11,316.6 1 0
jacobin/classloader/classloader.go:317.5,318.19 2 2
jacobin/classloader/classloader.go:318.19,321.6 2 2
jacobin/classloader/classloader.go:325.5,325.54 1 0
jacobin/classloader/classloader.go:328.71,331.15 2 3
jacobin/classloader/classloader.go:331.15,333.6 1 0
jacobin/classloader/classloader.go:335.5,337.19 2 3
jacobin/classloader/classloader.go:337.19,339.6 1 3
jacobin/classloader/classloader.go:341.5,343.20 2 0
jacobin/classloader/classloader.go:346.78,349.19 2 1
jacobin/classloader/classloader.go:349.19,351.6 1 1
jacobin/classloader/classloader.go:353.5,353.35 1 0
jacobin/classloader/classloader.go:356.92,359.19 2 1
jacobin/classloader/classloader.go:359.19,361.6 1 1
jacobin/classloader/classloader.go:363.5,365.19 2 0
jacobin/classloader/classloader.go:365.19,367.6 1 0
jacobin/classloader/classloader.go:369.5,369.24 1 0
jacobin/classloader/classloader.go:369.24,371.6 1 0
jacobin/classloader/classloader.go:373.5,373.58 1 0
jacobin/classloader/classloader.go:376.91,378.2 1 0
jacobin/classloader/classloader.go:382.91,384.19 2 3
jacobin/classloader/classloader.go:384.19,387.6 2 1
jacobin/classloader/classloader.go:390.5,390.51 1 2
jacobin/classloader/classloader.go:390.51,393.6 2 0
jacobin/classloader/classloader.go:394.5,408.43 8 2
jacobin/classloader/classloader.go:425.67,432.59 6 5
jacobin/classloader/classloader.go:432.59,434.6 1 12
jacobin/classloader/classloader.go:435.5,435.41 1 5
jacobin/classloader/classloader.go:435.41,436.59 1 3
jacobin/classloader/classloader.go:436.59,441.63 5 69
jacobin/classloader/classloader.go:441.63,442.81 1 21
jacobin/classloader/classloader.go:442.81,448.18 5 21
jacobin/classloader/classloader.go:450.13,450.47 1 69
jacobin/classloader/classloader.go:454.5,454.42 1 5
jacobin/classloader/classloader.go:454.42,455.60 1 4
jacobin/classloader/classloader.go:455.60,463.73 8 420
jacobin/classloader/classloader.go:463.73,464.91 1 24
jacobin/classloader/classloader.go:464.91,471.18 6 57
jacobin/classloader/classloader.go:473.13,473.73 1 420
jacobin/classloader/classloader.go:473.73,474.91 1 333
jacobin/classloader/classloader.go:474.91,480.18 5 1234
jacobin/classloader/classloader.go:482.13,482.64 1 420
jacobin/classloader/classloader.go:482.64,483.82 1 381
jacobin/classloader/classloader.go:483.82,490.18 2 684
jacobin/classloader/classloader.go:492.13,492.64 1 420
jacobin/classloader/classloader.go:492.64,493.82 1 66
jacobin/classloader/classloader.go:493.82,495.18 1 87
jacobin/classloader/classloader.go:497.13,497.64 1 420
jacobin/classloader/classloader.go:497.64,498.82 1 0
jacobin/classloader/classloader.go:498.82,504.18 2 0
jacobin/classloader/classloader.go:506.13,507.49 2 420
jacobin/classloader/classloader.go:510.5,510.45 1 5
jacobin/classloader/classloader.go:510.45,511.63 1 4
jacobin/classloader/classloader.go:511.63,518.10 2 16
jacobin/classloader/classloader.go:520.5,521.45 2 5
jacobin/classloader/classloader.go:521.45,522.63 1 3
jacobin/classloader/classloader.go:522.63,527.61 2 3
jacobin/classloader/classloader.go:527.61,528.79 1 3
jacobin/classloader/classloader.go:528.79,530.18 1 9
jacobin/classloader/classloader.go:532.13,532.56 1 3
jacobin/classloader/classloader.go:535.5,546.51 10 5
jacobin/classloader/classloader.go:546.51,550.65 1 4351
jacobin/classloader/classloader.go:550.65,558.10 4 79
jacobin/classloader/classloader.go:558.15,564.10 2 4272
jacobin/classloader/classloader.go:567.5,567.44 1 5
jacobin/classloader/classloader.go:567.44,568.62 1 4
jacobin/classloader/classloader.go:568.62,570.10 1 320
jacobin/classloader/classloader.go:573.5,573.42 1 5
jacobin/classloader/classloader.go:573.42,574.60 1 0
jacobin/classloader/classloader.go:574.60,576.10 1 0
jacobin/classloader/classloader.go:579.5,579.43 1 5
jacobin/classloader/classloader.go:579.43,580.61 1 0
jacobin/classloader/classloader.go:580.61,586.10 2 0
jacobin/classloader/classloader.go:589.5,589.44 1 5
jacobin/classloader/classloader.go:589.44,590.62 1 4
jacobin/classloader/classloader.go:590.62,596.10 2 127
jacobin/classloader/classloader.go:599.5,599.41 1 5
jacobin/classloader/classloader.go:599.41,600.59 1 3
jacobin/classloader/classloader.go:600.59,602.10 1 3
jacobin/classloader/classloader.go:605.5,605.44 1 5
jacobin/classloader/classloader.go:605.44,606.62 1 3
jacobin/classloader/classloader.go:606.62,608.10 1 9
jacobin/classloader/classloader.go:611.5,611.48 1 5
jacobin/classloader/classloader.go:611.48,612.66 1 3
jacobin/classloader/classloader.go:612.66,618.10 2 48
jacobin/classloader/classloader.go:621.5,621.49 1 5
jacobin/classloader/classloader.go:621.49,622.67 1 3
jacobin/classloader/classloader.go:622.67,628.10 2 3
jacobin/classloader/classloader.go:631.5,631.45 1 5
jacobin/classloader/classloader.go:631.45,632.63 1 3
jacobin/classloader/classloader.go:632.63,634.10 1 3
jacobin/classloader/classloader.go:637.5,637.48 1 5
jacobin/classloader/classloader.go:637.48,638.66 1 3
jacobin/classloader/classloader.go:638.66,644.10 2 6
jacobin/classloader/classloader.go:647.5,647.45 1 5
jacobin/classloader/classloader.go:647.45,648.63 1 4
jacobin/classloader/classloader.go:648.63,654.10 2 666
jacobin/classloader/classloader.go:657.5,657.46 1 5
jacobin/classloader/classloader.go:657.46,658.64 1 3
jacobin/classloader/classloader.go:658.64,660.10 1 6
jacobin/classloader/classloader.go:663.5,663.47 1 5
jacobin/classloader/classloader.go:663.47,664.65 1 4
jacobin/classloader/classloader.go:664.65,670.10 2 742
jacobin/classloader/classloader.go:673.5,673.43 1 5
jacobin/classloader/classloader.go:673.43,674.61 1 5
jacobin/classloader/classloader.go:674.61,676.10 1 2331
jacobin/classloader/classloader.go:679.5,679.32 1 5
jacobin/classloader/classloader.go:679.32,681.48 2 0
jacobin/classloader/classloader.go:681.48,683.10 1 0
jacobin/classloader/classloader.go:685.5,685.14 1 5
jacobin/classloader/classloader.go:690.54,692.2 1 0
jacobin/classloader/classloader.go:697.49,699.46 2 3
jacobin/classloader/classloader.go:699.46,701.49 2 1
jacobin/classloader/classloader.go:701.49,703.10 1 1
jacobin/classloader/classloader.go:704.11,704.52 1 2
jacobin/classloader/classloader.go:704.52,706.6 1 1
jacobin/classloader/classloader.go:707.5,707.24 1 3
jacobin/classloader/classloader.go:713.19,733.2 14 4
jacobin/classloader/cpParser.go:53.74,73.35 15 28
jacobin/classloader/cpParser.go:73.35,76.20 3 4461
jacobin/classloader/cpParser.go:77.13,81.19 4 2385
jacobin/classloader/cpParser.go:81.19,83.5 1 4
jacobin/classloader/cpParser.go:83.10,85.5 1 2381
jacobin/classloader/cpParser.go:86.4,90.10 5 2385
jacobin/classloader/cpParser.go:91.17,96.10 5 11
jacobin/classloader/cpParser.go:97.19,99.27 2 5
jacobin/classloader/cpParser.go:99.27,101.5 1 20
jacobin/classloader/cpParser.go:102.4,107.7 6 5
jacobin/classloader/cpParser.go:108.18,118.7 9 5
jacobin/classloader/cpParser.go:119.20,121.27 2 2
jacobin/classloader/cpParser.go:121.27,123.5 1 16
jacobin/classloader/cpParser.go:124.4,132.7 8 2
jacobin/classloader/cpParser.go:133.17,139.10 5 340
jacobin/classloader/cpParser.go:140.20,146.10 6 83
jacobin/classloader/cpParser.go:147.17,154.10 7 130
jacobin/classloader/cpParser.go:155.18,162.10 7 674
jacobin/classloader/cpParser.go:163.18,170.10 7 50
jacobin/classloader/cpParser.go:171.20,178.10 7 753
jacobin/classloader/cpParser.go:179.21,186.10 7 8
jacobin/classloader/cpParser.go:187.19,192.10 5 8
jacobin/classloader/cpParser.go:193.16,203.10 7 0
jacobin/classloader/cpParser.go:204.22,214.10 7 5
jacobin/classloader/cpParser.go:215.15,216.30 1 1
jacobin/classloader/cpParser.go:216.30,218.5 1 0
jacobin/classloader/cpParser.go:219.4,221.18 3 1
jacobin/classloader/cpParser.go:221.18,222.10 1 0
jacobin/classloader/cpParser.go:224.4,224.30 1 1
jacobin/classloader/cpParser.go:224.30,227.5 1 0
jacobin/classloader/cpParser.go:228.4,231.10 4 1
jacobin/classloader/cpParser.go:232.16,233.30 1 1
jacobin/classloader/cpParser.go:233.30,235.5 1 0
jacobin/classloader/cpParser.go:236.4,238.18 3 1
jacobin/classloader/cpParser.go:238.18,239.10 1 0
jacobin/classloader/cpParser.go:241.4,241.31 1 1
jacobin/classloader/cpParser.go:241.31,244.5 1 0
jacobin/classloader/cpParser.go:245.4,248.10 4 1
jacobin/classloader/cpParser.go:250.11,251.21 1 0
jacobin/classloader/cpParser.go:255.2,255.29 1 28
jacobin/classloader/cpParser.go:255.29,258.3 1 2
jacobin/classloader/cpParser.go:260.2,260.17 1 28
jacobin/classloader/cpParser.go:265.34,268.42 2 2
jacobin/classloader/cpParser.go:268.42,271.26 3 21
jacobin/classloader/cpParser.go:272.14,273.45 1 4
jacobin/classloader/cpParser.go:274.13,276.80 2 2
jacobin/classloader/cpParser.go:277.17,279.74 2 1
jacobin/classloader/cpParser.go:280.19,282.71 2 1
jacobin/classloader/cpParser.go:283.18,285.76 2 1
jacobin/classloader/cpParser.go:286.20,288.72 2 1
jacobin/classloader/cpParser.go:289.17,292.63 3 1
jacobin/classloader/cpParser.go:293.20,296.70 3 1
jacobin/classloader/cpParser.go:297.17,301.72 3 1
jacobin/classloader/cpParser.go:302.18,306.74 3 1
jacobin/classloader/cpParser.go:307.18,311.80 3 1
jacobin/classloader/cpParser.go:312.20,316.76 3 1
jacobin/classloader/cpParser.go:317.21,321.81 3 1
jacobin/classloader/cpParser.go:322.19,325.78 3 1
jacobin/classloader/cpParser.go:326.16,330.69 3 0
jacobin/classloader/cpParser.go:331.22,335.81 3 1
jacobin/classloader/cpParser.go:336.15,338.52 2 1
jacobin/classloader/cpParser.go:339.16,341.53 2 1
jacobin/classloader/cpParser.go:342.11,343.45 1 0
jacobin/classloader/formatCheck.go:26.49,27.43 1 4
jacobin/classloader/formatCheck.go:27.43,29.3 1 1
jacobin/classloader/formatCheck.go:31.2,31.37 1 3
jacobin/classloader/formatCheck.go:31.37,33.3 1 0
jacobin/classloader/formatCheck.go:35.2,35.46 1 3
jacobin/classloader/formatCheck.go:35.46,37.3 1 0
jacobin/classloader/formatCheck.go:39.2,39.36 1 3
jacobin/classloader/formatCheck.go:47.56,49.34 2 34
jacobin/classloader/formatCheck.go:49.34,52.3 1 1
jacobin/classloader/formatCheck.go:54.2,54.41 1 33
jacobin/classloader/formatCheck.go:54.41,56.3 1 1
jacobin/classloader/formatCheck.go:58.2,58.30 1 32
jacobin/classloader/formatCheck.go:58.30,60.26 2 2970
jacobin/classloader/formatCheck.go:61.13,66.57 2 1576
jacobin/classloader/formatCheck.go:66.57,69.5 1 1
jacobin/classloader/formatCheck.go:70.4,72.35 3 1575
jacobin/classloader/formatCheck.go:72.35,73.55 1 38247
jacobin/classloader/formatCheck.go:73.55,76.6 1 1
jacobin/classloader/formatCheck.go:78.17,82.56 2 8
jacobin/classloader/formatCheck.go:82.56,85.5 1 1
jacobin/classloader/formatCheck.go:86.19,90.57 2 4
jacobin/classloader/formatCheck.go:90.57,93.5 1 1
jacobin/classloader/formatCheck.go:94.18,100.59 2 7
jacobin/classloader/formatCheck.go:100.59,103.5 1 0
jacobin/classloader/formatCheck.go:105.4,106.36 2 7
jacobin/classloader/formatCheck.go:106.36,109.5 1 1
jacobin/classloader/formatCheck.go:110.4,110.10 1 6
jacobin/classloader/formatCheck.go:111.20,114.60 2 2
jacobin/classloader/formatCheck.go:114.60,117.5 1 0
jacobin/classloader/formatCheck.go:119.4,120.36 2 2
jacobin/classloader/formatCheck.go:120.36,123.5 1 1
jacobin/classloader/formatCheck.go:124.4,124.10 1 1
jacobin/classloader/formatCheck.go:125.17,129.65 2 223
jacobin/classloader/formatCheck.go:129.65,132.5 1 0
jacobin/classloader/formatCheck.go:133.20,137.61 2 55
jacobin/classloader/formatCheck.go:137.61,140.5 1 1
jacobin/classloader/formatCheck.go:141.17,149.66 2 86
jacobin/classloader/formatCheck.go:149.66,152.5 1 0
jacobin/classloader/formatCheck.go:153.4,157.58 4 86
jacobin/classloader/formatCheck.go:157.58,161.5 1 1
jacobin/classloader/formatCheck.go:163.4,165.73 2 85
jacobin/classloader/formatCheck.go:165.73,169.5 1 1
jacobin/classloader/formatCheck.go:170.18,182.58 5 450
jacobin/classloader/formatCheck.go:182.58,186.5 1 0
jacobin/classloader/formatCheck.go:188.4,191.61 3 450
jacobin/classloader/formatCheck.go:191.61,195.5 1 0
jacobin/classloader/formatCheck.go:197.4,200.18 4 450
jacobin/classloader/formatCheck.go:200.18,203.5 1 0
jacobin/classloader/formatCheck.go:205.4,206.47 2 450
jacobin/classloader/formatCheck.go:206.47,210.5 1 1
jacobin/classloader/formatCheck.go:211.18,221.58 5 34
jacobin/classloader/formatCheck.go:221.58,224.5 1 0
jacobin/classloader/formatCheck.go:226.4,229.18 3 34
jacobin/classloader/formatCheck.go:229.18,233.5 1 0
jacobin/classloader/formatCheck.go:256.4,259.61 3 34
jacobin/classloader/formatCheck.go:259.61,263.5 1 0
jacobin/classloader/formatCheck.go:264.20,271.63 2 499
jacobin/classloader/formatCheck.go:271.63,274.5 1 0
jacobin/classloader/formatCheck.go:276.4,278.18 3 499
jacobin/classloader/formatCheck.go:278.18,282.5 1 0
jacobin/classloader/formatCheck.go:284.4,285.19 2 499
jacobin/classloader/formatCheck.go:285.19,289.5 1 0
jacobin/classloader/formatCheck.go:291.4,292.18 2 499
jacobin/classloader/formatCheck.go:292.18,295.5 1 0
jacobin/classloader/formatCheck.go:296.21,306.34 4 12
jacobin/classloader/formatCheck.go:306.34,309.5 1 0
jacobin/classloader/formatCheck.go:310.4,312.19 2 12
jacobin/classloader/formatCheck.go:314.20,315.54 1 1
jacobin/classloader/formatCheck.go:315.54,319.6 1 1
jacobin/classloader/formatCheck.go:321.14,322.55 1 6
jacobin/classloader/formatCheck.go:322.55,326.6 1 0
jacobin/classloader/formatCheck.go:327.14,332.82 1 4
jacobin/classloader/formatCheck.go:332.82,333.11 1 3
jacobin/classloader/formatCheck.go:334.11,339.6 1 1
jacobin/classloader/formatCheck.go:340.11,341.55 1 1
jacobin/classloader/formatCheck.go:341.55,344.6 1 1
jacobin/classloader/formatCheck.go:348.4,350.54 3 9
jacobin/classloader/formatCheck.go:350.54,352.19 2 8
jacobin/classloader/formatCheck.go:352.19,354.6 1 0
jacobin/classloader/formatCheck.go:359.4,359.86 1 9
jacobin/classloader/formatCheck.go:359.86,361.66 2 8
jacobin/classloader/formatCheck.go:361.66,364.6 1 0
jacobin/classloader/formatCheck.go:366.5,366.59 1 8
jacobin/classloader/formatCheck.go:366.59,369.6 1 0
jacobin/classloader/formatCheck.go:381.4,382.35 1 9
jacobin/classloader/formatCheck.go:383.19,390.84 4 6
jacobin/classloader/formatCheck.go:390.84,393.5 1 0
jacobin/classloader/formatCheck.go:394.4,395.49 2 6
jacobin/classloader/formatCheck.go:395.49,399.5 1 1
jacobin/classloader/formatCheck.go:400.16,410.39 2 2
jacobin/classloader/formatCheck.go:410.39,413.5 1 0
jacobin/classloader/formatCheck.go:414.4,417.41 3 2
jacobin/classloader/formatCheck.go:417.41,420.5 1 0
jacobin/classloader/formatCheck.go:423.4,424.28 2 2
jacobin/classloader/formatCheck.go:424.28,426.5 1 0
jacobin/classloader/formatCheck.go:428.4,429.49 2 2
jacobin/classloader/formatCheck.go:429.49,432.5 1 0
jacobin/classloader/formatCheck.go:433.4,433.53 1 2
jacobin/classloader/formatCheck.go:433.53,437.5 1 0
jacobin/classloader/formatCheck.go:439.4,442.18 4 2
jacobin/classloader/formatCheck.go:442.18,445.5 1 0
jacobin/classloader/formatCheck.go:447.4,447.38 1 2
jacobin/classloader/formatCheck.go:447.38,450.5 1 1
jacobin/classloader/formatCheck.go:452.22,461.48 2 4
jacobin/classloader/formatCheck.go:461.48,464.5 1 1
jacobin/classloader/formatCheck.go:465.4,468.41 3 3
jacobin/classloader/formatCheck.go:468.41,471.5 1 0
jacobin/classloader/formatCheck.go:474.4,475.28 2 3
jacobin/classloader/formatCheck.go:475.28,477.5 1 0
jacobin/classloader/formatCheck.go:479.4,480.57 2 3
jacobin/classloader/formatCheck.go:480.57,483.5 1 0
jacobin/classloader/formatCheck.go:484.4,484.57 1 3
jacobin/classloader/formatCheck.go:484.57,488.5 1 0
jacobin/classloader/formatCheck.go:490.4,493.18 4 3
jacobin/classloader/formatCheck.go:493.18,496.5 1 0
jacobin/classloader/formatCheck.go:498.4,498.39 1 3
jacobin/classloader/formatCheck.go:498.39,501.5 1 0
jacobin/classloader/formatCheck.go:502.15,509.28 1 1
jacobin/classloader/formatCheck.go:509.28,511.5 1 0
jacobin/classloader/formatCheck.go:512.4,512.48 1 1
jacobin/classloader/formatCheck.go:512.48,514.5 1 0
jacobin/classloader/formatCheck.go:515.16,522.28 1 1
jacobin/classloader/formatCheck.go:522.28,524.5 1 0
jacobin/classloader/formatCheck.go:527.4,527.50 1 1
jacobin/classloader/formatCheck.go:527.50,529.5 1 0
jacobin/classloader/formatCheck.go:530.11,531.12 1 0
jacobin/classloader/formatCheck.go:535.2,535.12 1 16
jacobin/classloader/formatCheck.go:542.50,543.33 1 7
jacobin/classloader/formatCheck.go:543.33,545.50 1 50
jacobin/classloader/formatCheck.go:545.50,547.4 1 0
jacobin/classloader/formatCheck.go:548.3,551.64 2 50
jacobin/classloader/formatCheck.go:551.64,553.4 1 0
jacobin/classloader/formatCheck.go:554.3,557.51 3 50
jacobin/classloader/formatCheck.go:557.51,559.4 1 1
jacobin/classloader/formatCheck.go:562.3,562.32 1 49
jacobin/classloader/formatCheck.go:562.32,563.13 1 644
jacobin/classloader/formatCheck.go:572.14,573.85 1 1
jacobin/classloader/formatCheck.go:574.12,575.13 1 643
jacobin/classloader/formatCheck.go:579.3,579.38 1 48
jacobin/classloader/formatCheck.go:579.38,581.4 1 2
jacobin/classloader/formatCheck.go:583.2,583.12 1 3
jacobin/classloader/formatCheck.go:588.43,589.19 1 549
jacobin/classloader/formatCheck.go:589.19,591.3 1 1
jacobin/classloader/formatCheck.go:593.2,597.13 3 548
jacobin/classloader/formatCheck.go:597.13,599.3 1 2
jacobin/classloader/formatCheck.go:600.2,600.12 1 546
jacobin/classloader/formatCheck.go:606.44,607.19 1 6
jacobin/classloader/formatCheck.go:607.19,609.3 1 1
jacobin/classloader/formatCheck.go:611.2,615.25 3 5
jacobin/classloader/formatCheck.go:615.25,617.3 1 1
jacobin/classloader/formatCheck.go:618.2,618.12 1 4
jacobin/classloader/formatCheck.go:625.61,626.20 1 7
jacobin/classloader/formatCheck.go:626.20,628.3 1 1
jacobin/classloader/formatCheck.go:629.2,630.26 2 6
jacobin/classloader/formatCheck.go:630.26,631.63 1 36
jacobin/classloader/formatCheck.go:631.63,633.4 1 2
jacobin/classloader/formatCheck.go:637.2,637.12 1 4
jacobin/classloader/formatCheck.go:637.12,638.45 1 2
jacobin/classloader/formatCheck.go:638.45,639.28 1 1
jacobin/classloader/formatCheck.go:639.28,640.29 1 8
jacobin/classloader/formatCheck.go:640.29,642.6 1 1
jacobin/classloader/formatCheck.go:646.2,646.13 1 3
jacobin/classloader/formatCheck.go:653.41,654.16 1 15
jacobin/classloader/formatCheck.go:654.16,656.3 1 2
jacobin/classloader/formatCheck.go:658.2,659.38 2 13
jacobin/classloader/formatCheck.go:659.38,661.3 1 3
jacobin/classloader/formatCheck.go:663.2,664.33 2 10
jacobin/classloader/formatCheck.go:664.33,665.18 1 66
jacobin/classloader/formatCheck.go:666.17,667.25 1 4
jacobin/classloader/formatCheck.go:667.25,669.5 1 2
jacobin/classloader/formatCheck.go:670.13,671.24 1 4
jacobin/classloader/formatCheck.go:671.24,673.10 2 2
jacobin/classloader/formatCheck.go:677.4,677.65 1 2
jacobin/classloader/formatCheck.go:677.65,679.5 1 1
jacobin/classloader/formatCheck.go:679.10,681.5 1 1
jacobin/classloader/formatCheck.go:683.3,683.18 1 66
jacobin/classloader/formatCheck.go:683.18,685.4 1 5
jacobin/classloader/formatCheck.go:687.2,687.12 1 5
jacobin/classloader/formatCheck.go:694.42,695.16 1 8
jacobin/classloader/formatCheck.go:695.16,697.3 1 1
jacobin/classloader/formatCheck.go:699.2,700.38 2 7
jacobin/classloader/formatCheck.go:700.38,702.3 1 1
jacobin/classloader/formatCheck.go:704.2,705.33 2 6
jacobin/classloader/formatCheck.go:705.33,706.18 1 39
jacobin/classloader/formatCheck.go:707.17,708.25 1 2
jacobin/classloader/formatCheck.go:708.25,710.5 1 1
jacobin/classloader/formatCheck.go:711.13,712.24 1 3
jacobin/classloader/formatCheck.go:712.24,714.10 2 1
jacobin/classloader/formatCheck.go:718.4,718.65 1 2
jacobin/classloader/formatCheck.go:718.65,720.5 1 1
jacobin/classloader/formatCheck.go:720.10,722.5 1 1
jacobin/classloader/formatCheck.go:724.3,724.18 1 39
jacobin/classloader/formatCheck.go:724.18,726.4 1 3
jacobin/classloader/formatCheck.go:728.2,728.12 1 3
jacobin/classloader/formatCheck.go:734.59,737.31 1 3
jacobin/classloader/formatCheck.go:737.31,738.46 1 2
jacobin/classloader/formatCheck.go:738.46,740.62 2 2
jacobin/classloader/formatCheck.go:740.62,743.5 1 0
jacobin/classloader/formatCheck.go:745.4,745.25 1 2
jacobin/classloader/formatCheck.go:745.25,746.40 1 2
jacobin/classloader/formatCheck.go:746.40,747.52 1 6
jacobin/classloader/formatCheck.go:747.52,751.7 1 0
jacobin/classloader/formatCheck.go:756.2,756.12 1 3
jacobin/classloader/formatCheck.go:762.62,763.42 1 9
jacobin/classloader/formatCheck.go:763.42,765.3 1 1
jacobin/classloader/formatCheck.go:767.2,770.16 2 8
jacobin/classloader/formatCheck.go:770.16,772.3 1 1
jacobin/classloader/formatCheck.go:774.2,774.13 1 7
jacobin/classloader/formatCheck.go:779.53,780.41 1 12
jacobin/classloader/formatCheck.go:780.41,783.3 1 5
jacobin/classloader/formatCheck.go:785.2,785.51 1 7
jacobin/classloader/formatCheck.go:785.51,788.3 1 1
jacobin/classloader/formatCheck.go:790.2,790.45 1 6
jacobin/classloader/formatCheck.go:790.45,793.3 1 1
jacobin/classloader/formatCheck.go:795.2,795.48 1 5
jacobin/classloader/formatCheck.go:795.48,798.3 1 1
jacobin/classloader/formatCheck.go:800.2,800.51 1 4
jacobin/classloader/formatCheck.go:800.51,803.3 1 1
jacobin/classloader/formatCheck.go:805.2,805.12 1 3
jacobin/classloader/javaIoPrintStream.go:41.45,106.2 12 0
jacobin/classloader/javaIoPrintStream.go:115.43,120.26 4 0
jacobin/classloader/javaIoPrintStream.go:120.26,122.6 1 0
jacobin/classloader/javaIoPrintStream.go:124.5,125.15 2 0
jacobin/classloader/javaIoPrintStream.go:129.44,133.2 2 0
jacobin/classloader/javaIoPrintStream.go:136.44,140.2 3 0
jacobin/classloader/javaIoPrintStream.go:144.47,148.2 3 0
jacobin/classloader/javaIoPrintStream.go:152.49,156.2 3 0
jacobin/classloader/javaIoPrintStream.go:159.42,163.2 3 0
jacobin/classloader/javaIoPrintStream.go:167.45,171.2 3 0
jacobin/classloader/javaIoPrintStream.go:175.47,179.2 3 0
jacobin/classloader/javaIoPrintStream.go:182.42,188.26 4 0
jacobin/classloader/javaIoPrintStream.go:188.26,190.6 1 0
jacobin/classloader/javaIoPrintStream.go:192.5,193.15 2 0
jacobin/classloader/javaLangSystem.go:31.42,58.2 5 0
jacobin/classloader/javaLangSystem.go:61.51,63.2 1 0
jacobin/classloader/javaLangSystem.go:67.42,69.2 1 0
jacobin/classloader/javaLangSystem.go:72.46,77.2 4 0
jacobin/classloader/javaLangSystem.go:80.41,83.2 2 0
jacobin/classloader/jmod.go:37.47,39.16 2 3
jacobin/classloader/jmod.go:39.16,41.3 1 0
jacobin/classloader/jmod.go:43.2,45.30 2 3
jacobin/classloader/jmod.go:45.30,47.40 1 1
jacobin/classloader/jmod.go:47.40,50.4 2 1
jacobin/classloader/jmod.go:52.3,53.40 2 1
jacobin/classloader/jmod.go:57.2,60.16 3 3
jacobin/classloader/jmod.go:60.16,63.3 2 1
jacobin/classloader/jmod.go:65.2,69.27 3 2
jacobin/classloader/jmod.go:69.27,70.44 1 9
jacobin/classloader/jmod.go:70.44,71.12 1 1
jacobin/classloader/jmod.go:74.3,76.18 2 8
jacobin/classloader/jmod.go:76.18,78.11 2 4
jacobin/classloader/jmod.go:78.11,79.13 1 3
jacobin/classloader/jmod.go:81.9,82.44 1 4
jacobin/classloader/jmod.go:82.44,83.13 1 2
jacobin/classloader/jmod.go:87.3,88.17 2 3
jacobin/classloader/jmod.go:88.17,90.4 1 0
jacobin/classloader/jmod.go:92.3,93.17 2 3
jacobin/classloader/jmod.go:93.17,95.4 1 0
jacobin/classloader/jmod.go:97.3,99.17 2 3
jacobin/classloader/jmod.go:102.2,102.12 1 2
jacobin/classloader/jmod.go:106.58,110.16 3 2
jacobin/classloader/jmod.go:110.16,114.3 3 1
jacobin/classloader/jmod.go:116.2,117.16 2 1
jacobin/classloader/jmod.go:117.16,121.3 3 0
jacobin/classloader/jmod.go:123.2,127.28 3 1
jacobin/classloader/jmod.go:127.28,128.63 1 2
jacobin/classloader/jmod.go:128.63,130.4 1 0
jacobin/classloader/jmod.go:131.3,131.31 1 2
jacobin/classloader/jmod.go:134.2,134.17 1 1
jacobin/classloader/mTable.go:75.26,78.2 2 0
jacobin/classloader/mTable.go:80.50,81.33 1 1
jacobin/classloader/mTable.go:81.33,92.3 5 3
jacobin/classloader/mTable.go:96.49,102.2 4 4
jacobin/classloader/methArea.go:23.39,25.17 2 5
jacobin/classloader/methArea.go:25.17,27.6 1 1
jacobin/classloader/methArea.go:28.5,28.22 1 4
jacobin/classloader/methArea.go:33.48,39.74 5 8
jacobin/classloader/methArea.go:39.74,41.6 1 7
jacobin/classloader/methArea.go:48.25,53.2 4 15
jacobin/classloader/methArea.go:57.23,61.2 3 4
jacobin/classloader/methodParser.go:26.75,29.41 3 6
jacobin/classloader/methodParser.go:29.41,33.17 4 427
jacobin/classloader/methodParser.go:33.17,36.4 1 0
jacobin/classloader/methodParser.go:38.3,40.17 3 427
jacobin/classloader/methodParser.go:40.17,43.4 1 0
jacobin/classloader/methodParser.go:44.3,48.33 4 427
jacobin/classloader/methodParser.go:48.33,51.4 1 0
jacobin/classloader/methodParser.go:52.3,53.18 2 427
jacobin/classloader/methodParser.go:53.18,56.4 1 0
jacobin/classloader/methodParser.go:58.3,60.17 3 427
jacobin/classloader/methodParser.go:60.17,63.4 1 0
jacobin/classloader/methodParser.go:65.3,72.20 4 427
jacobin/classloader/methodParser.go:72.20,77.4 1 186
jacobin/classloader/methodParser.go:79.3,79.34 1 427
jacobin/classloader/methodParser.go:79.34,82.19 3 694
jacobin/classloader/methodParser.go:82.19,85.52 2 694
jacobin/classloader/methodParser.go:86.17,87.23 1 340
jacobin/classloader/methodParser.go:87.23,89.7 1 177
jacobin/classloader/methodParser.go:89.12,93.7 1 163
jacobin/classloader/methodParser.go:94.6,94.57 1 340
jacobin/classloader/methodParser.go:94.57,96.7 1 0
jacobin/classloader/methodParser.go:97.23,99.54 2 3
jacobin/classloader/methodParser.go:100.23,102.69 2 69
jacobin/classloader/methodParser.go:102.69,104.7 1 0
jacobin/classloader/methodParser.go:105.29,107.69 2 0
jacobin/classloader/methodParser.go:107.69,109.7 1 0
jacobin/classloader/methodParser.go:110.13,111.84 1 282
jacobin/classloader/methodParser.go:114.10,117.5 1 0
jacobin/classloader/methodParser.go:119.3,119.46 1 427
jacobin/classloader/methodParser.go:122.2,122.17 1 6
jacobin/classloader/methodParser.go:127.75,134.16 6 341
jacobin/classloader/methodParser.go:134.16,136.3 1 0
jacobin/classloader/methodParser.go:138.2,140.16 3 341
jacobin/classloader/methodParser.go:140.16,142.3 1 0
jacobin/classloader/methodParser.go:144.2,146.16 3 341
jacobin/classloader/methodParser.go:146.16,148.3 1 0
jacobin/classloader/methodParser.go:150.2,151.34 2 341
jacobin/classloader/methodParser.go:151.34,153.3 1 17139
jacobin/classloader/methodParser.go:154.2,158.16 4 341
jacobin/classloader/methodParser.go:158.16,160.3 1 0
jacobin/classloader/methodParser.go:162.2,162.24 1 341
jacobin/classloader/methodParser.go:162.24,165.39 2 24
jacobin/classloader/methodParser.go:165.39,173.18 7 57
jacobin/classloader/methodParser.go:173.18,177.5 1 0
jacobin/classloader/methodParser.go:179.4,179.25 1 57
jacobin/classloader/methodParser.go:179.25,181.40 2 48
jacobin/classloader/methodParser.go:181.40,184.6 1 0
jacobin/classloader/methodParser.go:184.11,188.6 1 48
jacobin/classloader/methodParser.go:190.4,190.45 1 57
jacobin/classloader/methodParser.go:194.2,197.16 4 341
jacobin/classloader/methodParser.go:197.16,200.3 1 0
jacobin/classloader/methodParser.go:202.2,202.19 1 341
jacobin/classloader/methodParser.go:202.19,205.34 2 340
jacobin/classloader/methodParser.go:205.34,207.19 2 1244
jacobin/classloader/methodParser.go:207.19,210.5 1 0
jacobin/classloader/methodParser.go:211.4,213.46 3 1244
jacobin/classloader/methodParser.go:217.2,222.12 5 341
jacobin/classloader/methodParser.go:236.90,240.16 4 71
jacobin/classloader/methodParser.go:240.16,243.3 1 0
jacobin/classloader/methodParser.go:245.2,245.41 1 71
jacobin/classloader/methodParser.go:245.41,249.53 3 94
jacobin/classloader/methodParser.go:249.53,253.4 1 0
jacobin/classloader/methodParser.go:256.3,262.18 4 94
jacobin/classloader/methodParser.go:262.18,266.4 1 0
jacobin/classloader/methodParser.go:270.3,274.48 3 94
jacobin/classloader/methodParser.go:276.2,276.12 1 71
jacobin/classloader/methodParser.go:288.87,293.16 5 1
jacobin/classloader/methodParser.go:293.16,296.3 1 0
jacobin/classloader/methodParser.go:298.2,298.39 1 1
jacobin/classloader/methodParser.go:298.39,302.17 4 1
jacobin/classloader/methodParser.go:302.17,305.4 1 0
jacobin/classloader/methodParser.go:306.3,306.26 1 1
jacobin/classloader/methodParser.go:306.26,308.4 1 0
jacobin/classloader/methodParser.go:308.9,310.4 1 1
jacobin/classloader/methodParser.go:311.3,311.17 1 1
jacobin/classloader/methodParser.go:311.17,314.4 1 0
jacobin/classloader/methodParser.go:316.3,317.26 2 1
jacobin/classloader/methodParser.go:317.26,319.4 1 1
jacobin/classloader/methodParser.go:320.3,323.17 3 1
jacobin/classloader/methodParser.go:323.17,326.4 1 0
jacobin/classloader/methodParser.go:328.3,328.76 1 1
jacobin/classloader/methodParser.go:328.76,331.4 1 0
jacobin/classloader/methodParser.go:333.3,334.54 2 1
jacobin/classloader/methodParser.go:336.2,336.12 1 1
jacobin/classloader/parser.go:24.50,30.16 3 10
jacobin/classloader/parser.go:30.16,32.3 1 2
jacobin/classloader/parser.go:34.2,35.16 2 8
jacobin/classloader/parser.go:35.16,37.3 1 1
jacobin/classloader/parser.go:39.2,40.16 2 7
jacobin/classloader/parser.go:40.16,42.3 1 1
jacobin/classloader/parser.go:44.2,45.28 2 6
jacobin/classloader/parser.go:45.28,47.3 1 0
jacobin/classloader/parser.go:49.2,50.16 2 6
jacobin/classloader/parser.go:50.16,52.3 1 0
jacobin/classloader/parser.go:54.2,55.16 2 6
jacobin/classloader/parser.go:55.16,57.3 1 0
jacobin/classloader/parser.go:59.2,60.16 2 6
jacobin/classloader/parser.go:60.16,62.3 1 0
jacobin/classloader/parser.go:64.2,65.16 2 6
jacobin/classloader/parser.go:65.16,67.3 1 0
jacobin/classloader/parser.go:69.2,69.31 1 6
jacobin/classloader/parser.go:69.31,71.17 2 4
jacobin/classloader/parser.go:71.17,73.4 1 0
jacobin/classloader/parser.go:76.2,77.16 2 6
jacobin/classloader/parser.go:77.16,79.3 1 0
jacobin/classloader/parser.go:81.2,81.27 1 6
jacobin/classloader/parser.go:81.27,83.17 2 3
jacobin/classloader/parser.go:83.17,85.4 1 0
jacobin/classloader/parser.go:88.2,89.16 2 6
jacobin/classloader/parser.go:89.16,91.3 1 0
jacobin/classloader/parser.go:93.2,93.28 1 6
jacobin/classloader/parser.go:93.28,95.17 2 6
jacobin/classloader/parser.go:95.17,97.4 1 0
jacobin/classloader/parser.go:100.2,101.16 2 6
jacobin/classloader/parser.go:101.16,103.3 1 0
jacobin/classloader/parser.go:105.2,105.28 1 6
jacobin/classloader/parser.go:105.28,107.3 1 6
jacobin/classloader/parser.go:108.2,108.16 1 6
jacobin/classloader/parser.go:108.16,110.3 1 0
jacobin/classloader/parser.go:112.2,112.28 1 6
jacobin/classloader/parser.go:112.28,114.3 1 0
jacobin/classloader/parser.go:115.2,115.20 1 6
jacobin/classloader/parser.go:120.43,121.20 1 13
jacobin/classloader/parser.go:121.20,123.3 1 1
jacobin/classloader/parser.go:123.8,123.97 1 12
jacobin/classloader/parser.go:123.97,125.3 1 3
jacobin/classloader/parser.go:125.8,127.3 1 9
jacobin/classloader/parser.go:132.69,134.16 2 11
jacobin/classloader/parser.go:134.16,136.3 1 1
jacobin/classloader/parser.go:138.2,138.56 1 10
jacobin/classloader/parser.go:138.56,142.3 2 2
jacobin/classloader/parser.go:144.2,146.12 3 8
jacobin/classloader/parser.go:154.67,156.37 2 9
jacobin/classloader/parser.go:156.37,159.3 1 2
jacobin/classloader/parser.go:161.2,163.12 3 7
jacobin/classloader/parser.go:169.79,173.16 4 9
jacobin/classloader/parser.go:173.16,175.3 1 1
jacobin/classloader/parser.go:175.8,177.29 2 8
jacobin/classloader/parser.go:177.29,179.4 1 7
jacobin/classloader/parser.go:180.3,180.29 1 8
jacobin/classloader/parser.go:180.29,182.4 1 5
jacobin/classloader/parser.go:183.3,183.29 1 8
jacobin/classloader/parser.go:183.29,185.4 1 8
jacobin/classloader/parser.go:186.3,186.29 1 8
jacobin/classloader/parser.go:186.29,188.4 1 2
jacobin/classloader/parser.go:189.3,189.29 1 8
jacobin/classloader/parser.go:189.29,191.4 1 2
jacobin/classloader/parser.go:192.3,192.29 1 8
jacobin/classloader/parser.go:192.29,194.4 1 2
jacobin/classloader/parser.go:195.3,195.29 1 8
jacobin/classloader/parser.go:195.29,197.4 1 2
jacobin/classloader/parser.go:198.3,198.29 1 8
jacobin/classloader/parser.go:198.29,200.4 1 2
jacobin/classloader/parser.go:201.3,201.29 1 8
jacobin/classloader/parser.go:201.29,203.4 1 2
jacobin/classloader/parser.go:204.3,206.30 2 8
jacobin/classloader/parser.go:206.30,207.27 1 1
jacobin/classloader/parser.go:207.27,209.5 1 1
jacobin/classloader/parser.go:210.4,210.26 1 1
jacobin/classloader/parser.go:210.26,212.5 1 1
jacobin/classloader/parser.go:213.4,213.26 1 1
jacobin/classloader/parser.go:213.26,215.5 1 1
jacobin/classloader/parser.go:216.4,216.30 1 1
jacobin/classloader/parser.go:216.30,218.5 1 1
jacobin/classloader/parser.go:219.4,219.29 1 1
jacobin/classloader/parser.go:219.29,221.5 1 1
jacobin/classloader/parser.go:222.4,222.30 1 1
jacobin/classloader/parser.go:222.30,224.5 1 1
jacobin/classloader/parser.go:225.4,225.31 1 1
jacobin/classloader/parser.go:225.31,227.5 1 1
jacobin/classloader/parser.go:228.4,228.25 1 1
jacobin/classloader/parser.go:228.25,230.5 1 1
jacobin/classloader/parser.go:231.4,231.27 1 1
jacobin/classloader/parser.go:231.27,233.5 1 1
jacobin/classloader/parser.go:235.3,235.18 1 8
jacobin/classloader/parser.go:245.77,250.16 5 12
jacobin/classloader/parser.go:250.16,252.3 1 1
jacobin/classloader/parser.go:254.2,254.49 1 11
jacobin/classloader/parser.go:254.49,257.3 1 1
jacobin/classloader/parser.go:259.2,260.45 2 10
jacobin/classloader/parser.go:260.45,262.3 1 1
jacobin/classloader/parser.go:266.2,268.16 3 9
jacobin/classloader/parser.go:268.16,270.3 1 1
jacobin/classloader/parser.go:272.2,274.30 2 8
jacobin/classloader/parser.go:274.30,276.3 1 1
jacobin/classloader/parser.go:278.2,279.17 2 7
jacobin/classloader/parser.go:284.82,289.16 5 12
jacobin/classloader/parser.go:289.16,291.3 1 1
jacobin/classloader/parser.go:293.2,293.16 1 11
jacobin/classloader/parser.go:293.16,294.44 1 2
jacobin/classloader/parser.go:294.44,297.4 1 1
jacobin/classloader/parser.go:297.9,301.4 3 1
jacobin/classloader/parser.go:304.2,304.49 1 9
jacobin/classloader/parser.go:304.49,306.3 1 1
jacobin/classloader/parser.go:308.2,309.45 2 8
jacobin/classloader/parser.go:309.45,311.3 1 1
jacobin/classloader/parser.go:315.2,318.16 3 7
jacobin/classloader/parser.go:318.16,320.3 1 0
jacobin/classloader/parser.go:322.2,322.26 1 7
jacobin/classloader/parser.go:322.26,324.3 1 1
jacobin/classloader/parser.go:326.2,327.31 2 6
jacobin/classloader/parser.go:327.31,329.3 1 0
jacobin/classloader/parser.go:331.2,332.17 2 6
jacobin/classloader/parser.go:336.82,340.16 4 8
jacobin/classloader/parser.go:340.16,342.3 1 1
jacobin/classloader/parser.go:344.2,346.17 3 7
jacobin/classloader/parser.go:352.78,354.47 2 6
jacobin/classloader/parser.go:354.47,357.17 3 16
jacobin/classloader/parser.go:357.17,359.4 1 0
jacobin/classloader/parser.go:361.3,361.61 1 16
jacobin/classloader/parser.go:361.61,363.4 1 0
jacobin/classloader/parser.go:367.3,368.37 2 16
jacobin/classloader/parser.go:368.37,371.4 1 1
jacobin/classloader/parser.go:374.3,378.17 3 15
jacobin/classloader/parser.go:378.17,380.4 1 0
jacobin/classloader/parser.go:382.3,388.78 2 15
jacobin/classloader/parser.go:390.2,390.17 1 5
jacobin/classloader/parser.go:394.78,398.16 4 8
jacobin/classloader/parser.go:398.16,400.3 1 1
jacobin/classloader/parser.go:402.2,404.17 3 7
jacobin/classloader/parser.go:418.74,420.43 2 5
jacobin/classloader/parser.go:420.43,426.17 5 71
jacobin/classloader/parser.go:426.17,428.4 1 0
jacobin/classloader/parser.go:429.3,430.34 2 71
jacobin/classloader/parser.go:430.34,432.4 1 24
jacobin/classloader/parser.go:434.3,436.65 3 71
jacobin/classloader/parser.go:436.65,438.4 1 1
jacobin/classloader/parser.go:440.3,441.17 2 70
jacobin/classloader/parser.go:441.17,443.4 1 0
jacobin/classloader/parser.go:445.3,447.65 3 70
jacobin/classloader/parser.go:447.65,450.4 1 0
jacobin/classloader/parser.go:451.3,452.17 2 70
jacobin/classloader/parser.go:452.17,455.4 1 0
jacobin/classloader/parser.go:457.3,459.17 3 70
jacobin/classloader/parser.go:459.17,462.4 1 0
jacobin/classloader/parser.go:464.3,464.34 1 70
jacobin/classloader/parser.go:464.34,466.18 2 33
jacobin/classloader/parser.go:466.18,468.5 1 0
jacobin/classloader/parser.go:469.4,474.35 2 33
jacobin/classloader/parser.go:474.35,476.17 2 12
jacobin/classloader/parser.go:477.19,478.24 1 0
jacobin/classloader/parser.go:479.14,483.41 3 0
jacobin/classloader/parser.go:483.41,486.7 1 0
jacobin/classloader/parser.go:487.6,487.52 1 0
jacobin/classloader/parser.go:488.14,492.41 3 0
jacobin/classloader/parser.go:492.41,495.7 1 0
jacobin/classloader/parser.go:496.6,496.52 1 0
jacobin/classloader/parser.go:497.14,501.44 3 0
jacobin/classloader/parser.go:501.44,504.7 1 0
jacobin/classloader/parser.go:505.6,505.50 1 0
jacobin/classloader/parser.go:506.14,510.43 3 0
jacobin/classloader/parser.go:510.43,513.7 1 0
jacobin/classloader/parser.go:514.6,514.49 1 0
jacobin/classloader/parser.go:515.14,519.41 3 9
jacobin/classloader/parser.go:519.41,522.7 1 0
jacobin/classloader/parser.go:523.6,523.52 1 9
jacobin/classloader/parser.go:524.14,528.42 3 3
jacobin/classloader/parser.go:528.42,531.7 1 0
jacobin/classloader/parser.go:532.6,532.53 1 3
jacobin/classloader/parser.go:533.14,537.41 3 0
jacobin/classloader/parser.go:537.41,540.7 1 0
jacobin/classloader/parser.go:541.6,541.52 1 0
jacobin/classloader/parser.go:543.10,545.5 1 21
jacobin/classloader/parser.go:546.4,546.11 1 33
jacobin/classloader/parser.go:549.3,551.30 2 70
jacobin/classloader/parser.go:551.30,555.53 2 0
jacobin/classloader/parser.go:555.53,557.5 1 0
jacobin/classloader/parser.go:558.4,558.29 1 0
jacobin/classloader/parser.go:558.29,561.5 1 0
jacobin/classloader/parser.go:561.10,563.5 1 0
jacobin/classloader/parser.go:566.2,566.17 1 4
jacobin/classloader/parser.go:570.79,574.16 4 8
jacobin/classloader/parser.go:574.16,576.3 1 1
jacobin/classloader/parser.go:578.2,580.17 3 7
jacobin/classloader/parser.go:585.87,589.16 4 7
jacobin/classloader/parser.go:589.16,591.3 1 0
jacobin/classloader/parser.go:593.2,595.17 3 7
jacobin/classloader/parser.go:598.83,600.41 2 8
jacobin/classloader/parser.go:600.41,603.17 3 20
jacobin/classloader/parser.go:603.17,605.4 1 20
jacobin/classloader/parser.go:605.9,608.4 1 0
jacobin/classloader/parser.go:610.3,613.50 2 20
jacobin/classloader/parser.go:614.27,619.19 4 4
jacobin/classloader/parser.go:619.19,620.10 1 0
jacobin/classloader/parser.go:621.10,623.5 1 4
jacobin/classloader/parser.go:624.4,624.46 1 4
jacobin/classloader/parser.go:624.46,628.74 4 4
jacobin/classloader/parser.go:628.74,630.6 1 0
jacobin/classloader/parser.go:630.11,632.6 1 4
jacobin/classloader/parser.go:634.5,636.30 3 4
jacobin/classloader/parser.go:636.30,637.45 1 4
jacobin/classloader/parser.go:637.45,641.7 3 10
jacobin/classloader/parser.go:643.5,643.53 1 4
jacobin/classloader/parser.go:645.4,645.92 1 4
jacobin/classloader/parser.go:647.21,648.27 1 1
jacobin/classloader/parser.go:650.21,655.55 5 6
jacobin/classloader/parser.go:658.2,658.17 1 8
jacobin/classloader/parserUtils.go:17.56,18.24 1 11924
jacobin/classloader/parserUtils.go:18.24,20.3 1 10
jacobin/classloader/parserUtils.go:22.2,23.24 2 11914
jacobin/classloader/parserUtils.go:27.59,29.16 2 9
jacobin/classloader/parserUtils.go:29.16,31.3 1 1
jacobin/classloader/parserUtils.go:33.2,33.23 1 8
jacobin/classloader/parserUtils.go:37.56,38.24 1 2356
jacobin/classloader/parserUtils.go:38.24,40.3 1 1
jacobin/classloader/parserUtils.go:42.2,45.20 4 2355
jacobin/classloader/parserUtils.go:50.69,51.42 1 1592
jacobin/classloader/parserUtils.go:51.42,53.3 1 1
jacobin/classloader/parserUtils.go:55.2,55.44 1 1591
jacobin/classloader/parserUtils.go:55.44,57.3 1 2
jacobin/classloader/parserUtils.go:59.2,60.40 2 1589
jacobin/classloader/parserUtils.go:60.40,62.3 1 0
jacobin/classloader/parserUtils.go:64.2,64.39 1 1589
jacobin/classloader/parserUtils.go:69.64,70.42 1 3117
jacobin/classloader/parserUtils.go:70.42,72.3 1 1
jacobin/classloader/parserUtils.go:74.2,74.44 1 3116
jacobin/classloader/parserUtils.go:74.44,76.3 1 1
jacobin/classloader/parserUtils.go:78.2,79.46 2 3115
jacobin/classloader/parserUtils.go:79.46,81.3 1 1
jacobin/classloader/parserUtils.go:82.2,82.18 1 3114
jacobin/classloader/parserUtils.go:95.83,100.16 5 1994
jacobin/classloader/parserUtils.go:100.16,102.3 1 1
jacobin/classloader/parserUtils.go:103.2,104.16 2 1993
jacobin/classloader/parserUtils.go:104.16,106.3 1 1
jacobin/classloader/parserUtils.go:108.2,112.16 4 1992
jacobin/classloader/parserUtils.go:112.16,114.3 1 0
jacobin/classloader/parserUtils.go:115.2,118.30 3 1992
jacobin/classloader/parserUtils.go:118.30,120.3 1 100400
jacobin/classloader/parserUtils.go:122.2,124.37 2 1992
jacobin/classloader/parserUtils.go:131.88,132.46 1 10
jacobin/classloader/parserUtils.go:132.46,134.3 1 1
jacobin/classloader/parserUtils.go:135.2,136.34 2 9
jacobin/classloader/parserUtils.go:136.34,139.3 1 1
jacobin/classloader/parserUtils.go:141.2,145.16 5 8
jacobin/classloader/parserUtils.go:145.16,148.3 1 0
jacobin/classloader/parserUtils.go:151.2,152.16 2 8
jacobin/classloader/parserUtils.go:152.16,154.3 1 0
jacobin/classloader/parserUtils.go:156.2,156.43 1 8
jacobin/classloader/parserUtils.go:159.82,160.46 1 9
jacobin/classloader/parserUtils.go:160.46,163.3 1 1
jacobin/classloader/parserUtils.go:165.2,170.48 5 8
jacobin/classloader/parserUtils.go:170.48,173.3 1 0
jacobin/classloader/parserUtils.go:175.2,177.48 2 8
jacobin/classloader/parserUtils.go:177.48,180.3 1 0
jacobin/classloader/parserUtils.go:182.2,183.40 2 8
jacobin/globals/globals.go:68.43,91.2 5 2
jacobin/globals/globals.go:100.30,102.2 1 1
jacobin/globals/globals.go:115.24,117.23 2 4
jacobin/globals/globals.go:117.23,120.3 2 4
jacobin/globals/globals.go:121.2,121.34 1 4
jacobin/globals/globals.go:124.27,124.56 1 2
jacobin/globals/globals.go:128.21,131.20 2 4
jacobin/globals/globals.go:131.20,134.3 2 4
jacobin/globals/globals.go:135.2,135.28 1 4
jacobin/globals/globals.go:138.24,138.50 1 2
jacobin/globals/globals.go:141.38,144.2 2 8
jacobin/globals/globals.go:148.40,150.2 1 4
jacobin/frames/frames.go:46.36,49.2 2 3
jacobin/frames/frames.go:52.42,56.21 2 3
jacobin/frames/frames.go:56.21,58.3 1 0
jacobin/frames/frames.go:61.2,61.35 1 3
jacobin/frames/frames.go:61.35,63.3 1 9
jacobin/frames/frames.go:66.2,68.14 3 3
jacobin/frames/frames.go:72.47,75.29 2 3
jacobin/frames/frames.go:75.29,77.47 2 0
jacobin/frames/frames.go:77.47,80.4 2 0
jacobin/frames/frames.go:81.3,81.52 1 0
jacobin/frames/frames.go:83.2,83.12 1 3
jacobin/frames/frames.go:87.36,88.19 1 2
jacobin/frames/frames.go:88.19,90.3 1 1
jacobin/frames/frames.go:92.2,93.12 2 1
jacobin/frames/frames.go:99.49,102.45 3 1
jacobin/frames/frames.go:102.45,103.17 1 2
jacobin/frames/frames.go:103.17,104.9 1 1
jacobin/frames/frames.go:105.9,107.4 1 1
jacobin/frames/frames.go:109.2,109.25 1 1
jacobin/jvm/cli.go:22.70,31.31 5 15
jacobin/jvm/cli.go:31.31,34.3 1 33
jacobin/jvm/cli.go:35.2,41.31 4 15
jacobin/jvm/cli.go:41.31,44.3 1 33
jacobin/jvm/cli.go:45.2,48.33 3 15
jacobin/jvm/cli.go:48.33,52.38 2 30
jacobin/jvm/cli.go:52.38,54.4 1 21
jacobin/jvm/cli.go:54.9,56.4 1 9
jacobin/jvm/cli.go:58.3,58.17 1 30
jacobin/jvm/cli.go:58.17,59.12 1 0
jacobin/jvm/cli.go:64.3,64.42 1 30
jacobin/jvm/cli.go:64.42,66.38 2 3
jacobin/jvm/cli.go:66.38,68.5 1 1
jacobin/jvm/cli.go:69.4,69.9 1 3
jacobin/jvm/cli.go:72.3,73.9 2 27
jacobin/jvm/cli.go:73.9,75.4 1 9
jacobin/jvm/cli.go:75.9,77.4 1 18
jacobin/jvm/cli.go:87.2,87.12 1 15
jacobin/jvm/cli.go:92.66,93.22 1 22
jacobin/jvm/cli.go:93.22,95.3 1 1
jacobin/jvm/cli.go:98.2,99.21 2 21
jacobin/jvm/cli.go:99.21,101.3 1 11
jacobin/jvm/cli.go:104.2,104.21 1 21
jacobin/jvm/cli.go:104.21,106.3 1 8
jacobin/jvm/cli.go:108.2,108.54 1 13
jacobin/jvm/cli.go:116.26,120.25 3 17
jacobin/jvm/cli.go:120.25,122.25 2 51
jacobin/jvm/cli.go:122.25,124.40 2 2
jacobin/jvm/cli.go:124.40,126.5 1 2
jacobin/jvm/cli.go:129.2,129.35 1 17
jacobin/jvm/cli.go:133.48,134.27 1 15
jacobin/jvm/cli.go:134.27,136.3 1 14
jacobin/jvm/cli.go:137.2,137.30 1 15
jacobin/jvm/cli.go:137.30,139.3 1 15
jacobin/jvm/cli.go:145.36,174.2 2 3
jacobin/jvm/cli.go:177.63,181.16 3 2
jacobin/jvm/cli.go:181.16,184.3 2 0
jacobin/jvm/cli.go:186.2,190.57 3 2
jacobin/jvm/cli.go:190.57,193.14 3 2
jacobin/jvm/cli.go:193.14,195.4 1 2
jacobin/jvm/cli.go:197.3,198.14 2 2
jacobin/jvm/cli.go:198.14,200.4 1 2
jacobin/jvm/cli.go:202.3,203.21 1 2
jacobin/jvm/cli.go:209.40,214.50 1 17
jacobin/jvm/cli.go:214.50,217.3 1 2
jacobin/jvm/goFunctionExec.go:25.60,28.20 2 10
jacobin/jvm/goFunctionExec.go:28.20,31.3 1 0
jacobin/jvm/goFunctionExec.go:34.2,35.31 2 10
jacobin/jvm/goFunctionExec.go:35.31,37.3 1 20
jacobin/jvm/goFunctionExec.go:40.2,49.16 3 10
jacobin/jvm/goFunctionExec.go:49.16,51.3 1 10
jacobin/jvm/goFunctionExec.go:51.8,51.87 1 0
jacobin/jvm/goFunctionExec.go:51.87,53.3 1 0
jacobin/jvm/goFunctionExec.go:53.8,55.3 1 0
jacobin/jvm/goFunctionExec.go:57.2,57.28 1 10
jacobin/jvm/goFunctionExec.go:64.121,83.34 12 10
jacobin/jvm/goFunctionExec.go:83.34,87.3 3 20
jacobin/jvm/goFunctionExec.go:88.2,88.41 1 10
jacobin/jvm/goFunctionExec.go:88.41,90.3 1 20
jacobin/jvm/goFunctionExec.go:91.2,99.16 5 10
jacobin/jvm/goFunctionExec.go:99.16,102.3 2 0
jacobin/jvm/goFunctionExec.go:106.2,108.15 3 10
jacobin/jvm/instantiate.go:27.65,30.34 3 0
jacobin/jvm/instantiate.go:30.34,55.64 1 0
jacobin/jvm/instantiate.go:55.64,61.10 4 0
jacobin/jvm/instantiate.go:66.5,79.31 7 0
jacobin/jvm/instantiate.go:79.31,80.49 1 0
jacobin/jvm/instantiate.go:80.49,82.50 2 0
jacobin/jvm/instantiate.go:82.50,85.14 1 0
jacobin/jvm/instantiate.go:87.13,98.48 4 0
jacobin/jvm/instantiate.go:99.27,100.40 1 0
jacobin/jvm/instantiate.go:101.47,102.38 1 0
jacobin/jvm/instantiate.go:103.27,104.40 1 0
jacobin/jvm/instantiate.go:105.21,108.66 2 0
jacobin/jvm/instantiate.go:110.13,110.57 1 0
jacobin/jvm/instantiate.go:114.5,114.21 1 0
jacobin/jvm/instantiate.go:120.97,125.30 4 0
jacobin/jvm/instantiate.go:125.30,126.48 1 0
jacobin/jvm/instantiate.go:126.48,128.40 2 0
jacobin/jvm/instantiate.go:128.41,133.14 0 0
jacobin/jvm/instantiate.go:146.5,147.19 2 0
jacobin/jvm/instantiate.go:147.19,149.6 1 0
jacobin/jvm/jvmStart.go:24.19,27.53 1 3
jacobin/jvm/jvmStart.go:27.53,30.6 2 0
jacobin/jvm/jvmStart.go:30.11,32.6 1 3
jacobin/jvm/jvmStart.go:34.5,39.19 4 3
jacobin/jvm/jvmStart.go:39.19,41.6 1 0
jacobin/jvm/jvmStart.go:43.5,43.31 1 3
jacobin/jvm/jvmStart.go:43.31,45.6 1 0
jacobin/jvm/jvmStart.go:48.5,53.33 4 3
jacobin/jvm/jvmStart.go:53.33,56.23 2 2
jacobin/jvm/jvmStart.go:56.23,59.10 2 1
jacobin/jvm/jvmStart.go:61.9,61.32 1 1
jacobin/jvm/jvmStart.go:61.32,64.10 2 1
jacobin/jvm/jvmStart.go:65.9,66.23 2 0
jacobin/jvm/jvmStart.go:66.23,68.10 1 0
jacobin/jvm/jvmStart.go:69.11,69.42 1 1
jacobin/jvm/jvmStart.go:69.42,71.23 2 0
jacobin/jvm/jvmStart.go:71.23,73.10 1 0
jacobin/jvm/jvmStart.go:74.11,78.6 3 1
jacobin/jvm/jvmStart.go:80.5,84.45 3 0
jacobin/jvm/jvmStart.go:84.45,86.6 1 0
jacobin/jvm/jvmStart.go:88.5,88.38 1 0
jacobin/jvm/option_table_loader.go:63.47,105.2 29 20
jacobin/jvm/option_table_loader.go:111.71,115.2 3 1
jacobin/jvm/option_table_loader.go:119.77,121.26 2 2
jacobin/jvm/option_table_loader.go:121.26,124.43 3 1
jacobin/jvm/option_table_loader.go:124.43,126.4 1 1
jacobin/jvm/option_table_loader.go:127.3,127.27 1 1
jacobin/jvm/option_table_loader.go:128.8,130.3 1 1
jacobin/jvm/option_table_loader.go:134.74,138.2 3 1
jacobin/jvm/option_table_loader.go:140.84,144.2 3 1
jacobin/jvm/option_table_loader.go:146.84,150.2 3 1
jacobin/jvm/option_table_loader.go:152.80,156.2 3 1
jacobin/jvm/option_table_loader.go:158.80,162.2 3 0
jacobin/jvm/option_table_loader.go:164.72,168.2 3 0
jacobin/jvm/option_table_loader.go:171.84,175.2 3 0
jacobin/jvm/option_table_loader.go:178.84,182.2 3 1
jacobin/jvm/option_table_loader.go:184.90,187.2 2 0
jacobin/jvm/option_table_loader.go:192.81,193.18 1 5
jacobin/jvm/option_table_loader.go:194.15,196.50 2 1
jacobin/jvm/option_table_loader.go:197.14,199.53 2 1
jacobin/jvm/option_table_loader.go:200.14,202.49 2 1
jacobin/jvm/option_table_loader.go:203.16,205.51 2 1
jacobin/jvm/option_table_loader.go:206.10,208.73 2 1
jacobin/jvm/option_table_loader.go:210.2,212.29 2 4
jacobin/jvm/option_table_loader.go:212.29,214.3 1 1
jacobin/jvm/option_table_loader.go:215.2,215.17 1 4
jacobin/jvm/option_table_loader.go:219.61,223.2 3 8
jacobin/jvm/run.go:36.66,42.16 4 1
jacobin/jvm/run.go:42.16,44.3 1 0
jacobin/jvm/run.go:46.2,51.35 6 1
jacobin/jvm/run.go:51.35,53.3 1 30
jacobin/jvm/run.go:56.2,56.35 1 1
jacobin/jvm/run.go:56.35,58.3 1 3
jacobin/jvm/run.go:61.2,67.12 6 1
jacobin/jvm/run.go:67.12,69.3 1 0
jacobin/jvm/run.go:70.2,73.50 3 1
jacobin/jvm/run.go:73.50,76.3 2 0
jacobin/jvm/run.go:78.2,78.22 1 1
jacobin/jvm/run.go:78.22,81.3 2 0
jacobin/jvm/run.go:83.2,84.16 2 1
jacobin/jvm/run.go:84.16,86.3 1 0
jacobin/jvm/run.go:87.2,87.12 1 1
jacobin/jvm/run.go:91.44,92.24 1 1
jacobin/jvm/run.go:92.24,94.17 2 1
jacobin/jvm/run.go:94.17,96.4 1 0
jacobin/jvm/run.go:98.3,98.25 1 1
jacobin/jvm/run.go:98.25,100.4 1 1
jacobin/jvm/run.go:102.2,102.12 1 0
jacobin/jvm/run.go:106.35,107.27 1 25
jacobin/jvm/run.go:107.27,114.3 3 2
jacobin/jvm/run.go:117.2,117.20 1 23
jacobin/jvm/run.go:124.36,133.20 2 263
jacobin/jvm/run.go:133.20,136.20 2 10
jacobin/jvm/run.go:136.20,140.22 3 0
jacobin/jvm/run.go:140.22,142.5 1 0
jacobin/jvm/run.go:144.3,144.13 1 10
jacobin/jvm/run.go:149.2,149.25 1 253
jacobin/jvm/run.go:149.25,150.23 1 454
jacobin/jvm/run.go:150.23,153.19 3 0
jacobin/jvm/run.go:153.19,157.5 3 0
jacobin/jvm/run.go:159.4,167.42 2 0
jacobin/jvm/run.go:169.3,169.23 1 454
jacobin/jvm/run.go:170.12,171.9 1 0
jacobin/jvm/run.go:172.20,173.21 1 1
jacobin/jvm/run.go:174.18,175.22 1 1
jacobin/jvm/run.go:176.17,177.21 1 2
jacobin/jvm/run.go:178.17,179.21 1 11
jacobin/jvm/run.go:180.17,181.21 1 21
jacobin/jvm/run.go:182.17,183.21 1 1
jacobin/jvm/run.go:184.17,185.21 1 1
jacobin/jvm/run.go:186.17,187.21 1 1
jacobin/jvm/run.go:188.17,190.21 2 1
jacobin/jvm/run.go:191.17,193.21 2 1
jacobin/jvm/run.go:194.17,195.16 1 1
jacobin/jvm/run.go:196.17,197.16 1 1
jacobin/jvm/run.go:198.17,199.16 1 1
jacobin/jvm/run.go:200.17,202.16 2 1
jacobin/jvm/run.go:203.17,205.16 2 1
jacobin/jvm/run.go:206.15,210.19 4 13
jacobin/jvm/run.go:211.15,215.31 4 2
jacobin/jvm/run.go:215.31,223.5 4 1
jacobin/jvm/run.go:223.10,226.5 1 1
jacobin/jvm/run.go:227.4,228.19 2 2
jacobin/jvm/run.go:229.12,239.44 4 1
jacobin/jvm/run.go:239.44,240.32 1 1
jacobin/jvm/run.go:240.32,242.6 1 1
jacobin/jvm/run.go:242.11,242.41 1 0
jacobin/jvm/run.go:242.41,244.6 1 0
jacobin/jvm/run.go:244.11,244.45 1 0
jacobin/jvm/run.go:244.45,246.6 1 0
jacobin/jvm/run.go:246.11,246.45 1 0
jacobin/jvm/run.go:246.45,252.6 3 0
jacobin/jvm/run.go:253.10,257.5 2 0
jacobin/jvm/run.go:258.14,265.44 4 2
jacobin/jvm/run.go:265.44,266.32 1 2
jacobin/jvm/run.go:266.32,268.6 1 1
jacobin/jvm/run.go:268.11,268.41 1 1
jacobin/jvm/run.go:268.41,270.6 1 1
jacobin/jvm/run.go:270.11,272.6 1 0
jacobin/jvm/run.go:273.10,276.5 2 0
jacobin/jvm/run.go:277.15,282.31 4 1
jacobin/jvm/run.go:282.31,285.5 2 0
jacobin/jvm/run.go:285.10,285.40 1 1
jacobin/jvm/run.go:285.40,288.5 2 1
jacobin/jvm/run.go:288.10,291.5 2 0
jacobin/jvm/run.go:294.10,297.28 3 3
jacobin/jvm/run.go:298.14,303.16 5 1
jacobin/jvm/run.go:304.14,309.16 5 1
jacobin/jvm/run.go:310.16,311.32 1 11
jacobin/jvm/run.go:312.16,313.32 1 21
jacobin/jvm/run.go:314.16,315.32 1 32
jacobin/jvm/run.go:316.16,317.32 1 1
jacobin/jvm/run.go:319.16,321.32 2 1
jacobin/jvm/run.go:322.16,324.32 2 1
jacobin/jvm/run.go:325.16,327.32 2 1
jacobin/jvm/run.go:328.16,330.32 2 1
jacobin/jvm/run.go:331.16,332.24 1 1
jacobin/jvm/run.go:333.16,334.24 1 1
jacobin/jvm/run.go:335.16,336.24 1 1
jacobin/jvm/run.go:337.16,338.24 1 1
jacobin/jvm/run.go:339.16,341.24 2 1
jacobin/jvm/run.go:342.16,344.24 2 1
jacobin/jvm/run.go:345.16,347.24 2 1
jacobin/jvm/run.go:348.16,350.24 2 1
jacobin/jvm/run.go:351.16,352.24 1 1
jacobin/jvm/run.go:353.16,354.24 1 1
jacobin/jvm/run.go:355.16,356.24 1 1
jacobin/jvm/run.go:357.16,358.24 1 1
jacobin/jvm/run.go:361.11,364.20 3 3
jacobin/jvm/run.go:364.20,367.5 2 0
jacobin/jvm/run.go:368.4,370.34 2 3
jacobin/jvm/run.go:370.34,373.5 2 0
jacobin/jvm/run.go:374.4,375.18 2 3
jacobin/jvm/run.go:376.15,379.20 3 1
jacobin/jvm/run.go:379.20,383.5 2 0
jacobin/jvm/run.go:385.4,386.34 2 1
jacobin/jvm/run.go:386.34,390.5 2 0
jacobin/jvm/run.go:391.4,393.18 3 1
jacobin/jvm/run.go:395.15,399.20 3 1
jacobin/jvm/run.go:399.20,402.5 2 0
jacobin/jvm/run.go:404.4,405.34 2 1
jacobin/jvm/run.go:405.34,408.5 2 0
jacobin/jvm/run.go:409.4,410.18 2 1
jacobin/jvm/run.go:412.15,415.20 3 1
jacobin/jvm/run.go:415.20,419.5 2 0
jacobin/jvm/run.go:420.4,422.34 2 1
jacobin/jvm/run.go:422.34,426.5 2 0
jacobin/jvm/run.go:427.4,429.18 3 1
jacobin/jvm/run.go:430.15,433.20 3 1
jacobin/jvm/run.go:433.20,437.5 2 0
jacobin/jvm/run.go:439.4,441.21 3 1
jacobin/jvm/run.go:441.21,445.5 2 0
jacobin/jvm/run.go:446.4,448.18 3 1
jacobin/jvm/run.go:450.15,453.20 3 1
jacobin/jvm/run.go:453.20,457.5 2 0
jacobin/jvm/run.go:460.4,463.21 3 1
jacobin/jvm/run.go:463.21,467.5 2 0
jacobin/jvm/run.go:468.4,470.25 3 1
jacobin/jvm/run.go:473.11,479.26 5 2
jacobin/jvm/run.go:479.26,481.5 1 1
jacobin/jvm/run.go:482.15,485.38 3 1
jacobin/jvm/run.go:486.15,491.40 4 1
jacobin/jvm/run.go:492.15,495.28 3 1
jacobin/jvm/run.go:496.17,497.32 1 1
jacobin/jvm/run.go:498.17,499.32 1 11
jacobin/jvm/run.go:500.17,501.32 1 2
jacobin/jvm/run.go:502.17,503.32 1 1
jacobin/jvm/run.go:504.17,508.10 4 1
jacobin/jvm/run.go:509.17,513.10 4 1
jacobin/jvm/run.go:514.17,518.10 4 1
jacobin/jvm/run.go:519.17,523.10 4 1
jacobin/jvm/run.go:524.17,525.34 1 1
jacobin/jvm/run.go:526.17,527.34 1 1
jacobin/jvm/run.go:528.17,529.34 1 1
jacobin/jvm/run.go:530.17,531.34 1 1
jacobin/jvm/run.go:532.17,534.34 2 1
jacobin/jvm/run.go:535.17,537.34 2 1
jacobin/jvm/run.go:538.17,540.34 2 1
jacobin/jvm/run.go:541.17,543.34 2 1
jacobin/jvm/run.go:544.17,545.24 1 1
jacobin/jvm/run.go:546.17,547.24 1 1
jacobin/jvm/run.go:548.17,549.24 1 1
jacobin/jvm/run.go:550.17,551.24 1 1
jacobin/jvm/run.go:554.12,558.21 4 5
jacobin/jvm/run.go:558.21,561.5 2 0
jacobin/jvm/run.go:563.4,563.38 1 5
jacobin/jvm/run.go:563.38,566.5 2 0
jacobin/jvm/run.go:568.4,570.21 3 5
jacobin/jvm/run.go:570.21,573.5 2 0
jacobin/jvm/run.go:574.4,574.24 1 5
jacobin/jvm/run.go:576.16,581.20 5 2
jacobin/jvm/run.go:581.20,584.5 2 0
jacobin/jvm/run.go:586.4,588.23 2 2
jacobin/jvm/run.go:588.23,592.5 2 0
jacobin/jvm/run.go:594.4,596.21 3 2
jacobin/jvm/run.go:596.21,600.5 2 0
jacobin/jvm/run.go:601.4,601.24 1 2
jacobin/jvm/run.go:603.16,607.20 4 2
jacobin/jvm/run.go:607.20,611.5 2 0
jacobin/jvm/run.go:613.4,613.37 1 2
jacobin/jvm/run.go:613.37,617.5 2 0
jacobin/jvm/run.go:619.4,621.21 3 2
jacobin/jvm/run.go:621.21,625.5 2 0
jacobin/jvm/run.go:626.4,626.24 1 2
jacobin/jvm/run.go:628.16,633.20 5 2
jacobin/jvm/run.go:633.20,637.5 2 0
jacobin/jvm/run.go:639.4,639.37 1 2
jacobin/jvm/run.go:639.37,643.5 2 0
jacobin/jvm/run.go:645.4,647.21 3 2
jacobin/jvm/run.go:647.21,651.5 2 0
jacobin/jvm/run.go:653.4,653.24 1 2
jacobin/jvm/run.go:655.16,660.21 4 1
jacobin/jvm/run.go:660.21,664.5 2 0
jacobin/jvm/run.go:667.4,669.21 3 1
jacobin/jvm/run.go:669.21,673.5 2 0
jacobin/jvm/run.go:675.4,676.24 2 1
jacobin/jvm/run.go:678.16,684.21 6 3
jacobin/jvm/run.go:684.21,688.5 2 0
jacobin/jvm/run.go:690.4,690.38 1 3
jacobin/jvm/run.go:690.38,694.5 2 0
jacobin/jvm/run.go:696.4,698.21 3 3
jacobin/jvm/run.go:698.21,702.5 2 0
jacobin/jvm/run.go:704.4,704.24 1 3
jacobin/jvm/run.go:706.12,707.10 1 1
jacobin/jvm/run.go:708.13,710.10 2 1
jacobin/jvm/run.go:711.12,712.20 1 1
jacobin/jvm/run.go:713.15,718.16 5 1
jacobin/jvm/run.go:719.15,726.16 7 1
jacobin/jvm/run.go:727.13,732.16 5 1
jacobin/jvm/run.go:733.16,741.16 8 1
jacobin/jvm/run.go:742.16,752.16 10 1
jacobin/jvm/run.go:753.13,757.17 4 1
jacobin/jvm/run.go:758.13,762.16 4 11
jacobin/jvm/run.go:763.13,770.16 7 1
jacobin/jvm/run.go:771.13,774.29 3 1
jacobin/jvm/run.go:775.13,782.16 7 3
jacobin/jvm/run.go:783.13,787.17 4 11
jacobin/jvm/run.go:788.13,796.17 7 1
jacobin/jvm/run.go:797.13,800.27 3 1
jacobin/jvm/run.go:801.13,808.16 7 1
jacobin/jvm/run.go:809.13,814.20 4 1
jacobin/jvm/run.go:815.13,823.20 7 1
jacobin/jvm/run.go:824.13,827.31 3 1
jacobin/jvm/run.go:828.13,835.16 7 1
jacobin/jvm/run.go:836.13,838.17 2 2
jacobin/jvm/run.go:838.17,842.5 2 1
jacobin/jvm/run.go:842.10,845.5 2 1
jacobin/jvm/run.go:846.13,849.17 3 1
jacobin/jvm/run.go:849.17,853.5 2 0
jacobin/jvm/run.go:853.10,859.5 5 1
jacobin/jvm/run.go:860.13,863.19 3 1
jacobin/jvm/run.go:863.19,864.20 1 0
jacobin/jvm/run.go:864.20,866.6 1 0
jacobin/jvm/run.go:866.11,866.34 1 0
jacobin/jvm/run.go:866.34,868.6 1 0
jacobin/jvm/run.go:868.11,870.6 1 0
jacobin/jvm/run.go:871.10,873.5 1 1
jacobin/jvm/run.go:874.13,879.19 5 1
jacobin/jvm/run.go:879.19,880.20 1 0
jacobin/jvm/run.go:880.20,882.6 1 0
jacobin/jvm/run.go:882.11,882.34 1 0
jacobin/jvm/run.go:882.34,884.6 1 0
jacobin/jvm/run.go:884.11,886.6 1 0
jacobin/jvm/run.go:887.10,891.5 3 1
jacobin/jvm/run.go:892.13,894.17 2 1
jacobin/jvm/run.go:894.17,898.5 2 0
jacobin/jvm/run.go:898.10,902.5 3 1
jacobin/jvm/run.go:903.13,906.17 3 1
jacobin/jvm/run.go:906.17,910.5 2 0
jacobin/jvm/run.go:910.10,916.5 5 1
jacobin/jvm/run.go:917.13,920.57 3 1
jacobin/jvm/run.go:921.13,926.39 5 1
jacobin/jvm/run.go:927.13,929.17 2 1
jacobin/jvm/run.go:930.13,935.16 5 1
jacobin/jvm/run.go:936.13,938.17 2 1
jacobin/jvm/run.go:940.13,944.17 4 2
jacobin/jvm/run.go:945.13,949.16 4 1
jacobin/jvm/run.go:949.16,952.5 2 0
jacobin/jvm/run.go:952.10,954.5 1 1
jacobin/jvm/run.go:956.13,963.17 7 1
jacobin/jvm/run.go:964.13,968.16 4 2
jacobin/jvm/run.go:968.16,971.5 2 1
jacobin/jvm/run.go:971.10,973.5 1 1
jacobin/jvm/run.go:975.10,982.17 7 2
jacobin/jvm/run.go:983.14,986.16 3 1
jacobin/jvm/run.go:986.16,988.5 1 1
jacobin/jvm/run.go:989.4,989.33 1 1
jacobin/jvm/run.go:990.13,993.22 3 1
jacobin/jvm/run.go:994.13,1001.17 7 1
jacobin/jvm/run.go:1002.12,1005.22 3 1
jacobin/jvm/run.go:1006.12,1013.17 7 1
jacobin/jvm/run.go:1014.13,1017.22 3 1
jacobin/jvm/run.go:1018.13,1025.17 7 1
jacobin/jvm/run.go:1026.13,1032.13 6 12
jacobin/jvm/run.go:1033.12,1035.28 2 1
jacobin/jvm/run.go:1036.12,1039.16 2 1
jacobin/jvm/run.go:1040.12,1044.17 4 1
jacobin/jvm/run.go:1045.12,1050.19 5 2
jacobin/jvm/run.go:1051.12,1056.23 5 1
jacobin/jvm/run.go:1057.12,1062.19 5 1
jacobin/jvm/run.go:1063.12,1065.15 2 2
jacobin/jvm/run.go:1066.12,1068.40 2 4
jacobin/jvm/run.go:1069.12,1072.21 3 1
jacobin/jvm/run.go:1073.12,1075.15 2 2
jacobin/jvm/run.go:1076.12,1080.22 4 3
jacobin/jvm/run.go:1082.12,1085.30 3 1
jacobin/jvm/run.go:1086.12,1090.34 3 2
jacobin/jvm/run.go:1090.34,1092.5 1 1
jacobin/jvm/run.go:1093.4,1093.20 1 2
jacobin/jvm/run.go:1094.12,1098.27 3 1
jacobin/jvm/run.go:1099.12,1102.28 3 1
jacobin/jvm/run.go:1103.13,1108.24 5 3
jacobin/jvm/run.go:1108.24,1110.5 1 1
jacobin/jvm/run.go:1110.10,1110.30 1 2
jacobin/jvm/run.go:1110.30,1112.5 1 1
jacobin/jvm/run.go:1112.10,1114.5 1 1
jacobin/jvm/run.go:1115.21,1121.48 5 5
jacobin/jvm/run.go:1121.48,1122.30 1 2
jacobin/jvm/run.go:1122.30,1124.6 1 1
jacobin/jvm/run.go:1124.11,1126.6 1 1
jacobin/jvm/run.go:1127.10,1127.30 1 3
jacobin/jvm/run.go:1127.30,1129.5 1 1
jacobin/jvm/run.go:1129.10,1129.30 1 2
jacobin/jvm/run.go:1129.30,1131.5 1 1
jacobin/jvm/run.go:1131.10,1133.5 1 1
jacobin/jvm/run.go:1134.13,1137.18 2 2
jacobin/jvm/run.go:1137.18,1140.5 2 1
jacobin/jvm/run.go:1140.10,1142.5 1 1
jacobin/jvm/run.go:1143.13,1146.18 2 2
jacobin/jvm/run.go:1146.18,1149.5 2 1
jacobin/jvm/run.go:1149.10,1151.5 1 1
jacobin/jvm/run.go:1152.13,1155.17 2 2
jacobin/jvm/run.go:1155.17,1158.5 2 1
jacobin/jvm/run.go:1158.10,1160.5 1 1
jacobin/jvm/run.go:1161.13,1164.18 2 3
jacobin/jvm/run.go:1164.18,1167.5 2 2
jacobin/jvm/run.go:1167.10,1169.5 1 1
jacobin/jvm/run.go:1170.13,1173.17 2 2
jacobin/jvm/run.go:1173.17,1176.5 2 1
jacobin/jvm/run.go:1176.10,1178.5 1 1
jacobin/jvm/run.go:1179.13,1182.18 2 3
jacobin/jvm/run.go:1182.18,1185.5 2 2
jacobin/jvm/run.go:1185.10,1187.5 1 1
jacobin/jvm/run.go:1188.18,1191.34 3 1
jacobin/jvm/run.go:1191.34,1194.5 2 1
jacobin/jvm/run.go:1194.10,1196.5 1 0
jacobin/jvm/run.go:1197.18,1200.34 3 1
jacobin/jvm/run.go:1200.34,1203.5 2 1
jacobin/jvm/run.go:1203.10,1205.5 1 0
jacobin/jvm/run.go:1206.18,1211.21 5 13
jacobin/jvm/run.go:1211.21,1214.5 2 11
jacobin/jvm/run.go:1214.10,1216.5 1 2
jacobin/jvm/run.go:1217.18,1220.20 3 3
jacobin/jvm/run.go:1220.20,1223.5 2 2
jacobin/jvm/run.go:1223.10,1225.5 1 1
jacobin/jvm/run.go:1226.18,1229.33 3 1
jacobin/jvm/run.go:1229.33,1232.5 2 1
jacobin/jvm/run.go:1232.10,1234.5 1 0
jacobin/jvm/run.go:1235.18,1238.20 3 3
jacobin/jvm/run.go:1238.20,1241.5 2 2
jacobin/jvm/run.go:1241.10,1243.5 1 1
jacobin/jvm/run.go:1244.18,1247.20 3 2
jacobin/jvm/run.go:1247.20,1250.5 2 1
jacobin/jvm/run.go:1250.10,1252.5 1 1
jacobin/jvm/run.go:1253.18,1256.20 3 2
jacobin/jvm/run.go:1256.20,1259.5 2 1
jacobin/jvm/run.go:1259.10,1261.5 1 1
jacobin/jvm/run.go:1262.13,1264.33 2 3
jacobin/jvm/run.go:1265.16,1269.14 4 11
jacobin/jvm/run.go:1270.16,1275.14 5 1
jacobin/jvm/run.go:1276.16,1280.14 4 0
jacobin/jvm/run.go:1281.16,1286.14 5 1
jacobin/jvm/run.go:1287.16,1291.14 4 1
jacobin/jvm/run.go:1292.15,1294.14 2 17
jacobin/jvm/run.go:1295.18,1304.44 4 10
jacobin/jvm/run.go:1304.44,1308.5 1 0
jacobin/jvm/run.go:1311.4,1330.10 14 10
jacobin/jvm/run.go:1330.10,1332.10 2 9
jacobin/jvm/run.go:1335.4,1352.51 6 1
jacobin/jvm/run.go:1354.17,1358.47 4 0
jacobin/jvm/run.go:1358.47,1362.5 1 0
jacobin/jvm/run.go:1364.4,1368.23 4 0
jacobin/jvm/run.go:1370.17,1374.47 4 0
jacobin/jvm/run.go:1374.47,1378.5 1 0
jacobin/jvm/run.go:1380.4,1389.46 4 0
jacobin/jvm/run.go:1391.22,1397.45 5 10
jacobin/jvm/run.go:1397.45,1401.5 1 0
jacobin/jvm/run.go:1404.4,1426.27 15 10
jacobin/jvm/run.go:1426.27,1428.42 2 0
jacobin/jvm/run.go:1428.42,1431.6 1 0
jacobin/jvm/run.go:1434.4,1434.28 1 10
jacobin/jvm/run.go:1434.28,1436.19 2 10
jacobin/jvm/run.go:1436.19,1438.6 1 0
jacobin/jvm/run.go:1439.5,1439.10 1 10
jacobin/jvm/run.go:1442.4,1442.28 1 0
jacobin/jvm/run.go:1442.28,1446.19 3 0
jacobin/jvm/run.go:1446.19,1449.6 1 0
jacobin/jvm/run.go:1451.5,1454.19 4 0
jacobin/jvm/run.go:1454.19,1456.6 1 0
jacobin/jvm/run.go:1461.5,1461.22 1 0
jacobin/jvm/run.go:1461.22,1463.6 1 0
jacobin/jvm/run.go:1464.5,1469.22 2 0
jacobin/jvm/run.go:1469.22,1471.6 1 0
jacobin/jvm/run.go:1471.11,1473.6 1 0
jacobin/jvm/run.go:1475.22,1482.18 5 0
jacobin/jvm/run.go:1482.18,1484.5 1 0
jacobin/jvm/run.go:1486.4,1486.28 1 0
jacobin/jvm/run.go:1486.28,1488.19 2 0
jacobin/jvm/run.go:1488.19,1490.6 1 0
jacobin/jvm/run.go:1491.10,1491.35 1 0
jacobin/jvm/run.go:1491.35,1496.19 3 0
jacobin/jvm/run.go:1496.19,1499.6 1 0
jacobin/jvm/run.go:1501.5,1504.19 4 0
jacobin/jvm/run.go:1504.19,1506.6 1 0
jacobin/jvm/run.go:1514.5,1519.22 2 0
jacobin/jvm/run.go:1519.22,1521.6 1 0
jacobin/jvm/run.go:1521.11,1523.6 1 0
jacobin/jvm/run.go:1525.21,1554.18 18 10
jacobin/jvm/run.go:1554.18,1556.5 1 0
jacobin/jvm/run.go:1558.4,1558.28 1 10
jacobin/jvm/run.go:1558.28,1561.19 2 0
jacobin/jvm/run.go:1561.19,1563.6 1 0
jacobin/jvm/run.go:1564.10,1564.35 1 10
jacobin/jvm/run.go:1564.35,1568.19 3 10
jacobin/jvm/run.go:1568.19,1571.6 1 0
jacobin/jvm/run.go:1573.5,1576.19 4 10
jacobin/jvm/run.go:1576.19,1578.6 1 0
jacobin/jvm/run.go:1583.5,1583.22 1 10
jacobin/jvm/run.go:1583.22,1585.6 1 0
jacobin/jvm/run.go:1586.5,1591.22 2 10
jacobin/jvm/run.go:1591.22,1593.6 1 10
jacobin/jvm/run.go:1593.11,1595.6 1 0
jacobin/jvm/run.go:1597.12,1601.85 4 0
jacobin/jvm/run.go:1601.85,1604.5 2 0
jacobin/jvm/run.go:1607.4,1608.44 2 0
jacobin/jvm/run.go:1608.44,1611.5 2 0
jacobin/jvm/run.go:1613.4,1614.18 2 0
jacobin/jvm/run.go:1614.18,1617.5 1 0
jacobin/jvm/run.go:1618.4,1618.16 1 0
jacobin/jvm/run.go:1620.17,1622.16 2 18
jacobin/jvm/run.go:1622.16,1627.5 2 0
jacobin/jvm/run.go:1629.4,1635.34 5 18
jacobin/jvm/run.go:1635.34,1638.5 2 0
jacobin/jvm/run.go:1640.4,1642.21 3 18
jacobin/jvm/run.go:1644.18,1646.16 2 2
jacobin/jvm/run.go:1646.16,1651.5 2 0
jacobin/jvm/run.go:1653.4,1662.13 5 2
jacobin/jvm/run.go:1664.20,1667.18 2 3
jacobin/jvm/run.go:1667.18,1671.5 2 0
jacobin/jvm/run.go:1673.4,1675.21 3 3
jacobin/jvm/run.go:1676.14,1678.33 2 1
jacobin/jvm/run.go:1679.14,1681.33 2 0
jacobin/jvm/run.go:1682.14,1684.33 2 1
jacobin/jvm/run.go:1685.12,1687.33 2 1
jacobin/jvm/run.go:1690.4,1690.17 1 3
jacobin/jvm/run.go:1692.23,1707.44 6 2
jacobin/jvm/run.go:1707.44,1709.5 1 0
jacobin/jvm/run.go:1709.10,1712.5 2 2
jacobin/jvm/run.go:1714.4,1715.40 2 2
jacobin/jvm/run.go:1715.40,1716.28 1 0
jacobin/jvm/run.go:1716.28,1718.6 1 0
jacobin/jvm/run.go:1721.4,1721.24 1 2
jacobin/jvm/run.go:1722.18,1723.28 1 0
jacobin/jvm/run.go:1724.18,1725.29 1 0
jacobin/jvm/run.go:1726.13,1727.27 1 0
jacobin/jvm/run.go:1728.12,1729.27 1 2
jacobin/jvm/run.go:1738.4,1741.26 3 2
jacobin/jvm/run.go:1741.26,1746.5 2 0
jacobin/jvm/run.go:1748.4,1754.45 2 2
jacobin/jvm/run.go:1754.45,1756.5 1 6
jacobin/jvm/run.go:1762.4,1762.28 1 2
jacobin/jvm/run.go:1762.28,1763.25 1 5
jacobin/jvm/run.go:1763.25,1767.11 3 1
jacobin/jvm/run.go:1774.4,1774.26 1 2
jacobin/jvm/run.go:1774.26,1777.43 3 1
jacobin/jvm/run.go:1777.43,1780.6 1 3
jacobin/jvm/run.go:1781.5,1783.13 3 1
jacobin/jvm/run.go:1784.10,1784.33 1 1
jacobin/jvm/run.go:1784.33,1788.13 4 0
jacobin/jvm/run.go:1791.10,1791.33 1 1
jacobin/jvm/run.go:1791.33,1795.13 4 1
jacobin/jvm/run.go:1798.15,1801.18 2 2
jacobin/jvm/run.go:1801.18,1804.5 2 1
jacobin/jvm/run.go:1804.10,1806.5 1 1
jacobin/jvm/run.go:1807.18,1810.18 2 2
jacobin/jvm/run.go:1810.18,1813.5 2 1
jacobin/jvm/run.go:1813.10,1815.5 1 1
jacobin/jvm/run.go:1816.11,1819.71 2 1
jacobin/jvm/run.go:1819.71,1821.5 1 0
jacobin/jvm/run.go:1823.4,1826.53 3 1
jacobin/jvm/run.go:1828.3,1828.12 1 420
jacobin/jvm/run.go:1830.2,1830.12 1 221
jacobin/jvm/run.go:1834.39,1837.22 3 709
jacobin/jvm/run.go:1837.22,1840.3 2 0
jacobin/jvm/run.go:1841.2,1841.14 1 709
jacobin/jvm/run.go:1845.40,1846.22 1 4
jacobin/jvm/run.go:1846.22,1849.3 2 0
jacobin/jvm/run.go:1850.2,1850.25 1 4
jacobin/jvm/run.go:1854.43,1857.22 3 770
jacobin/jvm/run.go:1857.22,1860.3 2 0
jacobin/jvm/run.go:1863.43,1865.2 1 15
jacobin/jvm/run.go:1868.48,1870.2 1 3
jacobin/jvm/run.go:1872.48,1874.2 1 12
jacobin/jvm/run.go:1877.51,1878.25 1 3
jacobin/jvm/run.go:1879.13,1880.17 1 1
jacobin/jvm/run.go:1881.11,1882.17 1 0
jacobin/jvm/run.go:1883.12,1884.11 1 2
jacobin/jvm/run.go:1886.2,1886.10 1 0
jacobin/jvm/run.go:1890.55,1893.25 1 3
jacobin/jvm/run.go:1894.13,1895.19 1 1
jacobin/jvm/run.go:1896.15,1897.31 1 1
jacobin/jvm/run.go:1898.22,1900.24 2 1
jacobin/jvm/run.go:1902.2,1902.10 1 0
jacobin/jvm/run.go:1935.50,1942.35 6 10
jacobin/jvm/run.go:1942.35,1944.3 1 40
jacobin/jvm/run.go:1947.2,1947.35 1 10
jacobin/jvm/run.go:1947.35,1949.3 1 20
jacobin/jvm/run.go:1955.2,1967.46 3 10
jacobin/jvm/run.go:1967.46,1972.23 4 20
jacobin/jvm/run.go:1972.23,1974.35 2 0
jacobin/jvm/run.go:1974.35,1975.24 1 0
jacobin/jvm/run.go:1975.24,1977.6 1 0
jacobin/jvm/run.go:1977.11,1978.11 1 0
jacobin/jvm/run.go:1982.4,1982.24 1 0
jacobin/jvm/run.go:1985.3,1985.26 1 20
jacobin/jvm/run.go:1985.26,1992.12 3 0
jacobin/jvm/run.go:1995.3,1995.27 1 20
jacobin/jvm/run.go:1995.27,1998.12 3 0
jacobin/jvm/run.go:2001.3,2001.20 1 20
jacobin/jvm/run.go:2002.12,2006.10 4 0
jacobin/jvm/run.go:2007.12,2009.34 2 0
jacobin/jvm/run.go:2010.27,2012.34 2 20
jacobin/jvm/run.go:2013.12,2017.10 4 0
jacobin/jvm/run.go:2018.12,2020.34 2 0
jacobin/jvm/run.go:2021.11,2023.34 2 0
jacobin/jvm/run.go:2030.2,2031.21 2 10
jacobin/jvm/run.go:2031.21,2034.3 2 0
jacobin/jvm/run.go:2036.2,2036.41 1 10
jacobin/jvm/run.go:2036.41,2039.3 2 20
jacobin/jvm/run.go:2040.2,2042.18 2 10
jacobin/jvm/runTimeUtils.go:48.61,49.19 1 4
jacobin/jvm/runTimeUtils.go:49.19,51.6 1 0
jacobin/jvm/runTimeUtils.go:52.5,54.46 2 4
jacobin/jvm/runTimeUtils.go:54.46,56.6 1 0
jacobin/jvm/runTimeUtils.go:58.5,60.23 2 4
jacobin/jvm/runTimeUtils.go:62.31,64.85 2 2
jacobin/jvm/runTimeUtils.go:66.32,68.85 2 0
jacobin/jvm/runTimeUtils.go:70.33,72.85 2 0
jacobin/jvm/runTimeUtils.go:75.33,77.91 2 1
jacobin/jvm/runTimeUtils.go:79.34,81.91 2 1
jacobin/jvm/runTimeUtils.go:84.31,86.89 2 0
jacobin/jvm/runTimeUtils.go:88.27,90.89 2 0
jacobin/jvm/runTimeUtils.go:93.30,95.96 2 0
jacobin/jvm/runTimeUtils.go:97.32,99.96 2 0
jacobin/jvm/runTimeUtils.go:101.36,103.96 2 0
jacobin/jvm/runTimeUtils.go:105.35,107.96 2 0
jacobin/jvm/runTimeUtils.go:109.32,111.96 2 0
jacobin/jvm/runTimeUtils.go:113.34,115.96 2 0
jacobin/jvm/runTimeUtils.go:120.29,121.55 1 0
jacobin/jvm/runTimeUtils.go:124.5,124.51 1 0
jacobin/jvm/runTimeUtils.go:130.79,133.36 3 0
jacobin/jvm/runTimeUtils.go:133.36,139.6 3 0
jacobin/jvm/runTimeUtils.go:140.5,140.21 1 0
jacobin/jvm/runTimeUtils.go:143.92,144.50 1 0
jacobin/jvm/runTimeUtils.go:144.50,146.6 1 0
jacobin/jvm/runTimeUtils.go:148.5,148.58 1 0
jacobin/jvm/runTimeUtils.go:148.58,150.6 1 0
jacobin/jvm/runTimeUtils.go:151.5,173.40 16 0
jacobin/shutdown/exit.go:30.42,33.29 3 2
jacobin/shutdown/exit.go:33.29,34.27 1 2
jacobin/shutdown/exit.go:34.27,36.4 1 1
jacobin/shutdown/exit.go:36.9,38.4 1 1
jacobin/shutdown/exit.go:41.2,41.42 1 2
jacobin/shutdown/exit.go:41.42,43.3 1 0
jacobin/shutdown/exit.go:45.2,45.31 1 2
jacobin/shutdown/exit.go:45.31,47.3 1 1
jacobin/shutdown/exit.go:47.8,47.39 1 1
jacobin/shutdown/exit.go:47.39,49.3 1 1
jacobin/shutdown/exit.go:51.2,51.26 1 0
jacobin/shutdown/exit.go:51.26,53.3 1 0
jacobin/shutdown/exit.go:53.8,55.3 1 0
jacobin/shutdown/exit.go:57.2,57.10 1 0
jacobin/thread/jvmThread.go:26.32,33.2 6 408
jacobin/thread/jvmThread.go:35.67,43.2 5 407
jacobin/util/execUtilities.go:13.63,15.16 2 4
jacobin/util/execUtilities.go:15.16,17.6 1 1
jacobin/util/execUtilities.go:19.5,20.42 2 3
jacobin/util/execUtilities.go:20.42,21.30 1 16
jacobin/util/execUtilities.go:22.18,23.21 1 3
jacobin/util/execUtilities.go:24.18,25.26 1 3
jacobin/util/execUtilities.go:26.38,27.41 1 5
jacobin/util/execUtilities.go:28.18,29.41 1 0
jacobin/util/execUtilities.go:30.18,31.41 1 2
jacobin/util/execUtilities.go:32.18,33.41 1 0
jacobin/util/execUtilities.go:34.18,36.54 2 2
jacobin/util/execUtilities.go:36.54,37.41 1 25
jacobin/util/execUtilities.go:37.41,38.29 1 23
jacobin/util/execUtilities.go:39.23,41.26 2 2
jacobin/util/execUtilities.go:44.18,46.38 2 1
jacobin/util/execUtilities.go:46.38,49.14 2 1
jacobin/util/execUtilities.go:51.13,52.54 2 1
jacobin/util/execUtilities.go:55.5,55.18 1 0
jacobin/util/filenameUtils.go:17.63,22.2 3 3
jacobin/util/filenameUtils.go:26.64,30.2 3 3
jacobin/util/filenameUtils.go:35.60,37.54 2 4
jacobin/util/filenameUtils.go:37.54,39.3 1 1
jacobin/util/filenameUtils.go:41.2,41.56 1 3
jacobin/util/filenameUtils.go:41.56,43.3 1 0
jacobin/util/filenameUtils.go:44.2,44.15 1 3
